2020-09-13 09:37:39,843 INFO Logging started
2020-09-13 09:37:39,845 INFO Preventing Windows from going to sleep
2020-09-13 09:37:43,018 INFO Connecting to https://tse.europe.travian.com
2020-09-13 09:37:44,914 INFO self.logging into account
2020-09-13 09:37:46,474 INFO Reading oasis troops info (1/80)
2020-09-13 09:37:46,954 INFO Reading oasis troops info (2/80)
2020-09-13 09:37:47,386 INFO Reading oasis troops info (3/80)
2020-09-13 09:37:47,831 INFO Reading oasis troops info (4/80)
2020-09-13 09:37:48,253 INFO Reading oasis troops info (5/80)
2020-09-13 09:37:48,749 INFO Reading oasis troops info (6/80)
2020-09-13 09:37:49,205 INFO Reading oasis troops info (7/80)
2020-09-13 09:37:49,746 INFO Reading oasis troops info (8/80)
2020-09-13 09:37:50,143 INFO Reading oasis troops info (9/80)
2020-09-13 09:37:50,513 INFO Reading oasis troops info (10/80)
2020-09-13 09:37:50,947 INFO Reading oasis troops info (11/80)
2020-09-13 09:37:51,370 INFO Reading oasis troops info (12/80)
2020-09-13 09:37:51,818 INFO Reading oasis troops info (13/80)
2020-09-13 09:37:52,213 INFO Reading oasis troops info (14/80)
2020-09-13 09:37:52,606 INFO Reading oasis troops info (15/80)
2020-09-13 09:37:53,060 INFO Reading oasis troops info (16/80)
2020-09-13 09:37:53,408 INFO Reading oasis troops info (17/80)
2020-09-13 09:37:53,825 INFO Reading oasis troops info (18/80)
2020-09-13 09:37:54,276 INFO Reading oasis troops info (19/80)
2020-09-13 09:37:54,744 INFO Reading oasis troops info (20/80)
2020-09-13 09:37:55,117 INFO Reading oasis troops info (21/80)
2020-09-13 09:37:55,555 INFO Reading oasis troops info (22/80)
2020-09-13 09:37:56,007 INFO Reading oasis troops info (23/80)
2020-09-13 09:37:56,448 INFO Reading oasis troops info (24/80)
2020-09-13 09:37:56,838 INFO Reading oasis troops info (25/80)
2020-09-13 09:37:57,282 INFO Reading oasis troops info (26/80)
2020-09-13 09:37:57,713 INFO Reading oasis troops info (27/80)
2020-09-13 09:37:58,105 INFO Reading oasis troops info (28/80)
2020-09-13 09:37:58,552 INFO Reading oasis troops info (29/80)
2020-09-13 09:37:58,972 INFO Reading oasis troops info (30/80)
2020-09-13 09:37:59,395 INFO Reading oasis troops info (31/80)
2020-09-13 09:37:59,874 INFO Reading oasis troops info (32/80)
2020-09-13 09:38:00,275 INFO Reading oasis troops info (33/80)
2020-09-13 09:38:00,628 INFO Reading oasis troops info (34/80)
2020-09-13 09:38:01,063 INFO Reading oasis troops info (35/80)
2020-09-13 09:38:01,412 INFO Reading oasis troops info (36/80)
2020-09-13 09:38:01,838 INFO Reading oasis troops info (37/80)
2020-09-13 09:38:02,257 INFO Reading oasis troops info (38/80)
2020-09-13 09:38:02,695 INFO Reading oasis troops info (39/80)
2020-09-13 09:38:03,052 INFO Reading oasis troops info (40/80)
2020-09-13 09:38:03,494 INFO Reading oasis troops info (41/80)
2020-09-13 09:38:03,911 INFO Reading oasis troops info (42/80)
2020-09-13 09:38:04,313 INFO Reading oasis troops info (43/80)
2020-09-13 09:38:04,802 INFO Reading oasis troops info (44/80)
2020-09-13 09:38:05,253 INFO Reading oasis troops info (45/80)
2020-09-13 09:38:05,629 INFO Reading oasis troops info (46/80)
2020-09-13 09:38:06,019 INFO Reading oasis troops info (47/80)
2020-09-13 09:38:06,341 INFO Reading oasis troops info (48/80)
2020-09-13 09:38:06,759 INFO Reading oasis troops info (49/80)
2020-09-13 09:38:07,143 INFO Reading oasis troops info (50/80)
2020-09-13 09:38:07,566 INFO Reading oasis troops info (51/80)
2020-09-13 09:38:07,965 INFO Reading oasis troops info (52/80)
2020-09-13 09:38:08,382 INFO Reading oasis troops info (53/80)
2020-09-13 09:38:08,789 INFO Reading oasis troops info (54/80)
2020-09-13 09:38:09,242 INFO Reading oasis troops info (55/80)
2020-09-13 09:38:09,711 INFO Reading oasis troops info (56/80)
2020-09-13 09:38:10,067 INFO Reading oasis troops info (57/80)
2020-09-13 09:38:10,497 INFO Reading oasis troops info (58/80)
2020-09-13 09:38:10,932 INFO Reading oasis troops info (59/80)
2020-09-13 09:38:11,339 INFO Reading oasis troops info (60/80)
2020-09-13 09:38:11,767 INFO Reading oasis troops info (61/80)
2020-09-13 09:38:12,201 INFO Reading oasis troops info (62/80)
2020-09-13 09:38:12,651 INFO Reading oasis troops info (63/80)
2020-09-13 09:38:13,064 INFO Reading oasis troops info (64/80)
2020-09-13 09:38:13,491 INFO Reading oasis troops info (65/80)
2020-09-13 09:38:13,907 INFO Reading oasis troops info (66/80)
2020-09-13 09:38:14,336 INFO Reading oasis troops info (67/80)
2020-09-13 09:38:14,731 INFO Reading oasis troops info (68/80)
2020-09-13 09:38:15,139 INFO Reading oasis troops info (69/80)
2020-09-13 09:38:15,645 INFO Reading oasis troops info (70/80)
2020-09-13 09:38:16,086 INFO Reading oasis troops info (71/80)
2020-09-13 09:38:16,477 INFO Reading oasis troops info (72/80)
2020-09-13 09:38:16,848 INFO Reading oasis troops info (73/80)
2020-09-13 09:38:17,250 INFO Reading oasis troops info (74/80)
2020-09-13 09:38:17,686 INFO Reading oasis troops info (75/80)
2020-09-13 09:38:18,102 INFO Reading oasis troops info (76/80)
2020-09-13 09:38:18,572 INFO Reading oasis troops info (77/80)
2020-09-13 09:38:19,021 INFO Reading oasis troops info (78/80)
2020-09-13 09:38:19,452 INFO Reading oasis troops info (79/80)
2020-09-13 09:38:19,908 INFO Reading oasis troops info (80/80)
2020-09-13 09:38:20,390 INFO Left to sleep: 60s
2020-09-13 09:38:30,391 INFO Left to sleep: 50s
