2020-09-10 11:02:06,331 INFO Logging started
2020-09-10 11:02:06,354 INFO Preventing Windows from going to sleep
2020-09-10 11:02:11,529 INFO Connecting to https://tse.europe.travian.com
2020-09-10 11:02:13,956 INFO self.logging into account
2020-09-10 11:06:36,704 INFO Left to sleep: 60s
2020-09-10 11:06:46,706 INFO Left to sleep: 50s
2020-09-10 11:06:56,707 INFO Left to sleep: 40s
2020-09-10 11:07:06,707 INFO Left to sleep: 30s
2020-09-10 11:07:16,708 INFO Left to sleep: 20s
2020-09-10 11:07:26,708 INFO Left to sleep: 10s
2020-09-10 11:07:58,961 INFO Logging started
2020-09-10 11:07:58,964 INFO Preventing Windows from going to sleep
2020-09-10 11:08:02,464 INFO Connecting to https://tse.europe.travian.com
2020-09-10 11:08:03,429 INFO self.logging into account
2020-09-10 11:08:05,558 INFO Reading oasis troops info (1/80)
2020-09-10 11:08:06,091 INFO Reading oasis troops info (2/80)
2020-09-10 11:08:06,532 INFO Reading oasis troops info (3/80)
2020-09-10 11:08:06,961 INFO Reading oasis troops info (4/80)
2020-09-10 11:08:07,410 INFO Reading oasis troops info (5/80)
2020-09-10 11:08:07,806 INFO Reading oasis troops info (6/80)
2020-09-10 11:08:08,240 INFO Reading oasis troops info (7/80)
2020-09-10 11:08:08,657 INFO Reading oasis troops info (8/80)
2020-09-10 11:08:09,100 INFO Reading oasis troops info (9/80)
2020-09-10 11:08:09,544 INFO Reading oasis troops info (10/80)
2020-09-10 11:08:09,967 INFO Reading oasis troops info (11/80)
2020-09-10 11:08:10,382 INFO Reading oasis troops info (12/80)
2020-09-10 11:08:10,868 INFO Reading oasis troops info (13/80)
2020-09-10 11:08:11,307 INFO Reading oasis troops info (14/80)
2020-09-10 11:08:11,752 INFO Reading oasis troops info (15/80)
2020-09-10 11:08:12,165 INFO Reading oasis troops info (16/80)
2020-09-10 11:08:12,566 INFO Reading oasis troops info (17/80)
2020-09-10 11:08:13,073 INFO Reading oasis troops info (18/80)
2020-09-10 11:08:13,522 INFO Reading oasis troops info (19/80)
2020-09-10 11:08:13,945 INFO Reading oasis troops info (20/80)
2020-09-10 11:08:14,358 INFO Reading oasis troops info (21/80)
2020-09-10 11:08:14,834 INFO Reading oasis troops info (22/80)
2020-09-10 11:08:15,349 INFO Reading oasis troops info (23/80)
2020-09-10 11:08:15,860 INFO Reading oasis troops info (24/80)
2020-09-10 11:08:16,356 INFO Reading oasis troops info (25/80)
2020-09-10 11:08:16,868 INFO Reading oasis troops info (26/80)
2020-09-10 11:08:17,353 INFO Reading oasis troops info (27/80)
2020-09-10 11:08:17,793 INFO Reading oasis troops info (28/80)
2020-09-10 11:08:18,268 INFO Reading oasis troops info (29/80)
2020-09-10 11:08:18,999 INFO Reading oasis troops info (30/80)
2020-09-10 11:08:19,639 INFO Reading oasis troops info (31/80)
2020-09-10 11:08:20,141 INFO Reading oasis troops info (32/80)
2020-09-10 11:08:20,616 INFO Reading oasis troops info (33/80)
2020-09-10 11:08:21,167 INFO Reading oasis troops info (34/80)
2020-09-10 11:08:21,674 INFO Reading oasis troops info (35/80)
2020-09-10 11:08:22,146 INFO Reading oasis troops info (36/80)
2020-09-10 11:08:22,614 INFO Reading oasis troops info (37/80)
2020-09-10 11:08:23,119 INFO Reading oasis troops info (38/80)
2020-09-10 11:08:23,605 INFO Reading oasis troops info (39/80)
2020-09-10 11:08:24,076 INFO Reading oasis troops info (40/80)
2020-09-10 11:08:24,526 INFO Reading oasis troops info (41/80)
2020-09-10 11:08:25,008 INFO Reading oasis troops info (42/80)
2020-09-10 11:08:25,486 INFO Reading oasis troops info (43/80)
2020-09-10 11:08:26,263 INFO Reading oasis troops info (44/80)
2020-09-10 11:08:26,959 INFO Reading oasis troops info (45/80)
2020-09-10 11:08:27,503 INFO Reading oasis troops info (46/80)
2020-09-10 11:08:27,996 INFO Reading oasis troops info (47/80)
2020-09-10 11:08:28,482 INFO Reading oasis troops info (48/80)
2020-09-10 11:08:28,974 INFO Reading oasis troops info (49/80)
2020-09-10 11:08:29,452 INFO Reading oasis troops info (50/80)
2020-09-10 11:08:29,966 INFO Reading oasis troops info (51/80)
2020-09-10 11:08:30,448 INFO Reading oasis troops info (52/80)
2020-09-10 11:08:30,905 INFO Reading oasis troops info (53/80)
2020-09-10 11:08:31,410 INFO Reading oasis troops info (54/80)
2020-09-10 11:08:31,937 INFO Reading oasis troops info (55/80)
2020-09-10 11:08:32,598 INFO Reading oasis troops info (56/80)
2020-09-10 11:08:33,425 INFO Reading oasis troops info (57/80)
2020-09-10 11:08:34,006 INFO Reading oasis troops info (58/80)
2020-09-10 11:08:34,458 INFO Reading oasis troops info (59/80)
2020-09-10 11:08:34,849 INFO Reading oasis troops info (60/80)
2020-09-10 11:08:35,282 INFO Reading oasis troops info (61/80)
2020-09-10 11:08:35,727 INFO Reading oasis troops info (62/80)
2020-09-10 11:08:36,122 INFO Reading oasis troops info (63/80)
2020-09-10 11:08:36,519 INFO Reading oasis troops info (64/80)
2020-09-10 11:08:36,944 INFO Reading oasis troops info (65/80)
2020-09-10 11:08:37,386 INFO Reading oasis troops info (66/80)
2020-09-10 11:08:37,803 INFO Reading oasis troops info (67/80)
2020-09-10 11:08:38,249 INFO Reading oasis troops info (68/80)
2020-09-10 11:08:38,677 INFO Reading oasis troops info (69/80)
2020-09-10 11:08:39,122 INFO Reading oasis troops info (70/80)
2020-09-10 11:08:39,576 INFO Reading oasis troops info (71/80)
2020-09-10 11:08:39,994 INFO Reading oasis troops info (72/80)
2020-09-10 11:08:40,498 INFO Reading oasis troops info (73/80)
2020-09-10 11:08:40,987 INFO Reading oasis troops info (74/80)
2020-09-10 11:08:41,542 INFO Reading oasis troops info (75/80)
2020-09-10 11:08:42,042 INFO Reading oasis troops info (76/80)
2020-09-10 11:08:42,465 INFO Reading oasis troops info (77/80)
2020-09-10 11:08:42,875 INFO Reading oasis troops info (78/80)
2020-09-10 11:08:43,291 INFO Reading oasis troops info (79/80)
2020-09-10 11:08:43,717 INFO Reading oasis troops info (80/80)
2020-09-10 11:08:44,150 INFO Left to sleep: 60s
2020-09-10 11:08:54,151 INFO Left to sleep: 50s
2020-09-10 11:09:04,153 INFO Left to sleep: 40s
2020-09-10 11:41:33,371 INFO Logging started
2020-09-10 11:41:33,373 INFO Preventing Windows from going to sleep
2020-09-10 11:41:36,786 INFO Connecting to https://tse.europe.travian.com
2020-09-10 11:41:38,545 INFO self.logging into account
2020-09-10 11:41:39,673 INFO Reading oasis troops info (1/80)
2020-09-10 11:41:40,130 INFO Reading oasis troops info (2/80)
2020-09-10 11:41:40,568 INFO Reading oasis troops info (3/80)
2020-09-10 11:41:40,989 INFO Reading oasis troops info (4/80)
2020-09-10 11:41:41,456 INFO Reading oasis troops info (5/80)
2020-09-10 11:41:41,869 INFO Reading oasis troops info (6/80)
2020-09-10 11:41:42,313 INFO Reading oasis troops info (7/80)
2020-09-10 11:41:42,744 INFO Reading oasis troops info (8/80)
2020-09-10 11:41:43,142 INFO Reading oasis troops info (9/80)
2020-09-10 11:41:43,568 INFO Reading oasis troops info (10/80)
2020-09-10 11:41:44,024 INFO Reading oasis troops info (11/80)
2020-09-10 11:41:44,465 INFO Reading oasis troops info (12/80)
2020-09-10 11:41:44,899 INFO Reading oasis troops info (13/80)
2020-09-10 11:41:45,343 INFO Reading oasis troops info (14/80)
2020-09-10 11:41:45,792 INFO Reading oasis troops info (15/80)
2020-09-10 11:41:46,232 INFO Reading oasis troops info (16/80)
2020-09-10 11:41:46,716 INFO Reading oasis troops info (17/80)
2020-09-10 11:41:47,138 INFO Reading oasis troops info (18/80)
2020-09-10 11:41:47,574 INFO Reading oasis troops info (19/80)
2020-09-10 11:41:48,034 INFO Reading oasis troops info (20/80)
2020-09-10 11:41:48,506 INFO Reading oasis troops info (21/80)
2020-09-10 11:41:48,957 INFO Reading oasis troops info (22/80)
2020-09-10 11:41:49,407 INFO Reading oasis troops info (23/80)
2020-09-10 11:41:49,849 INFO Reading oasis troops info (24/80)
2020-09-10 11:41:50,260 INFO Reading oasis troops info (25/80)
2020-09-10 11:41:50,704 INFO Reading oasis troops info (26/80)
2020-09-10 11:41:51,206 INFO Reading oasis troops info (27/80)
2020-09-10 11:41:51,718 INFO Reading oasis troops info (28/80)
2020-09-10 11:41:52,152 INFO Reading oasis troops info (29/80)
2020-09-10 11:41:52,560 INFO Reading oasis troops info (30/80)
2020-09-10 11:41:53,074 INFO Reading oasis troops info (31/80)
2020-09-10 11:41:53,442 INFO Reading oasis troops info (32/80)
2020-09-10 11:41:53,877 INFO Reading oasis troops info (33/80)
2020-09-10 11:41:54,284 INFO Reading oasis troops info (34/80)
2020-09-10 11:41:54,719 INFO Reading oasis troops info (35/80)
2020-09-10 11:41:55,129 INFO Reading oasis troops info (36/80)
2020-09-10 11:41:55,565 INFO Reading oasis troops info (37/80)
2020-09-10 11:41:55,959 INFO Reading oasis troops info (38/80)
2020-09-10 11:41:56,400 INFO Reading oasis troops info (39/80)
2020-09-10 11:41:56,821 INFO Reading oasis troops info (40/80)
2020-09-10 11:41:57,239 INFO Reading oasis troops info (41/80)
2020-09-10 11:41:57,690 INFO Reading oasis troops info (42/80)
2020-09-10 11:41:58,127 INFO Reading oasis troops info (43/80)
2020-09-10 11:41:58,539 INFO Reading oasis troops info (44/80)
2020-09-10 11:41:58,956 INFO Reading oasis troops info (45/80)
2020-09-10 11:41:59,365 INFO Reading oasis troops info (46/80)
2020-09-10 11:41:59,809 INFO Reading oasis troops info (47/80)
2020-09-10 11:42:00,227 INFO Reading oasis troops info (48/80)
2020-09-10 11:42:00,643 INFO Reading oasis troops info (49/80)
2020-09-10 11:42:01,036 INFO Reading oasis troops info (50/80)
2020-09-10 11:42:01,488 INFO Reading oasis troops info (51/80)
2020-09-10 11:42:01,913 INFO Reading oasis troops info (52/80)
2020-09-10 11:42:02,292 INFO Reading oasis troops info (53/80)
2020-09-10 11:42:02,706 INFO Reading oasis troops info (54/80)
2020-09-10 11:42:03,162 INFO Reading oasis troops info (55/80)
2020-09-10 11:42:03,626 INFO Reading oasis troops info (56/80)
2020-09-10 11:42:04,077 INFO Reading oasis troops info (57/80)
2020-09-10 11:42:04,553 INFO Reading oasis troops info (58/80)
2020-09-10 11:42:04,973 INFO Reading oasis troops info (59/80)
2020-09-10 11:42:05,455 INFO Reading oasis troops info (60/80)
2020-09-10 11:42:05,966 INFO Reading oasis troops info (61/80)
2020-09-10 11:42:06,410 INFO Reading oasis troops info (62/80)
2020-09-10 11:42:06,914 INFO Reading oasis troops info (63/80)
2020-09-10 11:42:07,464 INFO Reading oasis troops info (64/80)
2020-09-10 11:42:07,899 INFO Reading oasis troops info (65/80)
2020-09-10 11:42:08,316 INFO Reading oasis troops info (66/80)
2020-09-10 11:42:08,742 INFO Reading oasis troops info (67/80)
2020-09-10 11:42:09,139 INFO Reading oasis troops info (68/80)
2020-09-10 11:42:09,539 INFO Reading oasis troops info (69/80)
2020-09-10 11:42:09,952 INFO Reading oasis troops info (70/80)
2020-09-10 11:42:10,353 INFO Reading oasis troops info (71/80)
2020-09-10 11:42:10,728 INFO Reading oasis troops info (72/80)
2020-09-10 11:42:11,154 INFO Reading oasis troops info (73/80)
2020-09-10 11:42:11,564 INFO Reading oasis troops info (74/80)
2020-09-10 11:42:12,127 INFO Reading oasis troops info (75/80)
2020-09-10 11:42:12,562 INFO Reading oasis troops info (76/80)
2020-09-10 11:42:12,924 INFO Reading oasis troops info (77/80)
2020-09-10 11:42:13,292 INFO Reading oasis troops info (78/80)
2020-09-10 11:42:13,693 INFO Reading oasis troops info (79/80)
2020-09-10 11:42:14,123 INFO Reading oasis troops info (80/80)
2020-09-10 11:42:14,506 INFO Left to sleep: 60s
2020-09-10 11:42:24,507 INFO Left to sleep: 50s
2020-09-10 12:53:22,511 INFO Logging started
2020-09-10 12:53:22,513 INFO Preventing Windows from going to sleep
2020-09-10 12:53:26,037 INFO Connecting to https://tse.europe.travian.com
2020-09-10 12:53:28,334 INFO self.logging into account
2020-09-10 12:53:30,131 INFO Reading oasis troops info (1/80)
2020-09-10 12:53:30,617 INFO Reading oasis troops info (2/80)
2020-09-10 12:53:31,057 INFO Reading oasis troops info (3/80)
2020-09-10 12:53:31,503 INFO Reading oasis troops info (4/80)
2020-09-10 12:53:31,902 INFO Reading oasis troops info (5/80)
2020-09-10 12:53:32,311 INFO Reading oasis troops info (6/80)
2020-09-10 12:53:32,793 INFO Reading oasis troops info (7/80)
2020-09-10 12:53:33,273 INFO Reading oasis troops info (8/80)
2020-09-10 12:53:33,679 INFO Reading oasis troops info (9/80)
2020-09-10 12:53:34,124 INFO Reading oasis troops info (10/80)
2020-09-10 12:53:34,524 INFO Reading oasis troops info (11/80)
2020-09-10 12:53:34,968 INFO Reading oasis troops info (12/80)
2020-09-10 12:53:35,383 INFO Reading oasis troops info (13/80)
2020-09-10 12:53:35,818 INFO Reading oasis troops info (14/80)
2020-09-10 12:53:36,222 INFO Reading oasis troops info (15/80)
2020-09-10 12:53:36,643 INFO Reading oasis troops info (16/80)
2020-09-10 12:53:37,061 INFO Reading oasis troops info (17/80)
2020-09-10 12:53:37,456 INFO Reading oasis troops info (18/80)
2020-09-10 12:53:37,888 INFO Reading oasis troops info (19/80)
2020-09-10 12:53:38,310 INFO Reading oasis troops info (20/80)
2020-09-10 12:53:38,681 INFO Reading oasis troops info (21/80)
2020-09-10 12:53:39,094 INFO Reading oasis troops info (22/80)
2020-09-10 12:53:39,496 INFO Reading oasis troops info (23/80)
2020-09-10 12:53:39,886 INFO Reading oasis troops info (24/80)
2020-09-10 12:53:40,305 INFO Reading oasis troops info (25/80)
2020-09-10 12:53:40,731 INFO Reading oasis troops info (26/80)
2020-09-10 12:53:41,166 INFO Reading oasis troops info (27/80)
2020-09-10 12:53:41,609 INFO Reading oasis troops info (28/80)
2020-09-10 12:53:42,044 INFO Reading oasis troops info (29/80)
2020-09-10 12:53:42,472 INFO Reading oasis troops info (30/80)
2020-09-10 12:53:42,929 INFO Reading oasis troops info (31/80)
2020-09-10 12:53:43,336 INFO Reading oasis troops info (32/80)
2020-09-10 12:53:43,741 INFO Reading oasis troops info (33/80)
2020-09-10 12:53:44,143 INFO Reading oasis troops info (34/80)
2020-09-10 12:53:44,539 INFO Reading oasis troops info (35/80)
2020-09-10 12:53:44,955 INFO Reading oasis troops info (36/80)
2020-09-10 12:53:45,372 INFO Reading oasis troops info (37/80)
2020-09-10 12:53:45,804 INFO Reading oasis troops info (38/80)
2020-09-10 12:53:46,180 INFO Reading oasis troops info (39/80)
2020-09-10 12:53:46,608 INFO Reading oasis troops info (40/80)
2020-09-10 12:53:47,026 INFO Reading oasis troops info (41/80)
2020-09-10 12:53:47,444 INFO Reading oasis troops info (42/80)
2020-09-10 12:53:47,857 INFO Reading oasis troops info (43/80)
2020-09-10 12:53:48,333 INFO Reading oasis troops info (44/80)
2020-09-10 12:53:48,718 INFO Reading oasis troops info (45/80)
2020-09-10 12:53:49,150 INFO Reading oasis troops info (46/80)
2020-09-10 12:53:49,578 INFO Reading oasis troops info (47/80)
2020-09-10 12:53:49,978 INFO Reading oasis troops info (48/80)
2020-09-10 12:53:50,406 INFO Reading oasis troops info (49/80)
2020-09-10 12:53:50,824 INFO Reading oasis troops info (50/80)
2020-09-10 12:53:51,234 INFO Reading oasis troops info (51/80)
2020-09-10 12:53:51,639 INFO Reading oasis troops info (52/80)
2020-09-10 12:53:52,054 INFO Reading oasis troops info (53/80)
2020-09-10 12:53:52,444 INFO Reading oasis troops info (54/80)
2020-09-10 12:53:52,862 INFO Reading oasis troops info (55/80)
2020-09-10 12:53:53,282 INFO Reading oasis troops info (56/80)
2020-09-10 12:53:53,676 INFO Reading oasis troops info (57/80)
2020-09-10 12:53:54,067 INFO Reading oasis troops info (58/80)
2020-09-10 12:53:54,478 INFO Reading oasis troops info (59/80)
2020-09-10 12:53:54,892 INFO Reading oasis troops info (60/80)
2020-09-10 12:53:55,297 INFO Reading oasis troops info (61/80)
2020-09-10 12:53:55,705 INFO Reading oasis troops info (62/80)
2020-09-10 12:53:56,096 INFO Reading oasis troops info (63/80)
2020-09-10 12:53:56,499 INFO Reading oasis troops info (64/80)
2020-09-10 12:53:56,914 INFO Reading oasis troops info (65/80)
2020-09-10 12:53:57,342 INFO Reading oasis troops info (66/80)
2020-09-10 12:53:57,764 INFO Reading oasis troops info (67/80)
2020-09-10 12:53:58,152 INFO Reading oasis troops info (68/80)
2020-09-10 12:53:58,565 INFO Reading oasis troops info (69/80)
2020-09-10 12:53:58,999 INFO Reading oasis troops info (70/80)
2020-09-10 12:53:59,421 INFO Reading oasis troops info (71/80)
2020-09-10 12:53:59,818 INFO Reading oasis troops info (72/80)
2020-09-10 12:54:00,228 INFO Reading oasis troops info (73/80)
2020-09-10 12:54:00,636 INFO Reading oasis troops info (74/80)
2020-09-10 12:54:01,050 INFO Reading oasis troops info (75/80)
2020-09-10 12:54:01,465 INFO Reading oasis troops info (76/80)
2020-09-10 12:54:01,884 INFO Reading oasis troops info (77/80)
2020-09-10 12:54:02,313 INFO Reading oasis troops info (78/80)
2020-09-10 12:54:02,736 INFO Reading oasis troops info (79/80)
2020-09-10 12:54:03,131 INFO Reading oasis troops info (80/80)
2020-09-10 12:54:03,524 INFO Left to sleep: 60s
2020-09-10 13:42:54,293 INFO Logging started
2020-09-10 13:42:54,295 INFO Preventing Windows from going to sleep
2020-09-10 13:42:57,895 INFO Connecting to https://tse.europe.travian.com
2020-09-10 13:42:59,411 INFO self.logging into account
2020-09-10 13:43:01,195 INFO Reading oasis troops info (1/80)
2020-09-10 13:43:01,676 INFO Reading oasis troops info (2/80)
2020-09-10 13:43:02,159 INFO Reading oasis troops info (3/80)
2020-09-10 13:43:02,663 INFO Reading oasis troops info (4/80)
2020-09-10 13:43:03,099 INFO Reading oasis troops info (5/80)
2020-09-10 13:43:03,544 INFO Reading oasis troops info (6/80)
2020-09-10 13:43:04,089 INFO Reading oasis troops info (7/80)
2020-09-10 13:43:04,632 INFO Reading oasis troops info (8/80)
2020-09-10 13:43:05,094 INFO Reading oasis troops info (9/80)
2020-09-10 13:43:05,545 INFO Reading oasis troops info (10/80)
2020-09-10 13:43:05,991 INFO Reading oasis troops info (11/80)
2020-09-10 13:43:06,458 INFO Reading oasis troops info (12/80)
2020-09-10 13:43:07,003 INFO Reading oasis troops info (13/80)
2020-09-10 13:43:07,464 INFO Reading oasis troops info (14/80)
2020-09-10 13:43:08,568 INFO Reading oasis troops info (15/80)
2020-09-10 13:43:09,071 INFO Reading oasis troops info (16/80)
2020-09-10 13:43:09,575 INFO Reading oasis troops info (17/80)
2020-09-10 13:43:10,006 INFO Reading oasis troops info (18/80)
2020-09-10 13:43:10,494 INFO Reading oasis troops info (19/80)
2020-09-10 13:43:11,022 INFO Reading oasis troops info (20/80)
2020-09-10 13:43:11,436 INFO Reading oasis troops info (21/80)
2020-09-10 13:43:11,939 INFO Reading oasis troops info (22/80)
2020-09-10 13:43:12,343 INFO Reading oasis troops info (23/80)
2020-09-10 13:43:12,871 INFO Reading oasis troops info (24/80)
2020-09-10 13:43:13,317 INFO Reading oasis troops info (25/80)
2020-09-10 13:43:13,788 INFO Reading oasis troops info (26/80)
2020-09-10 13:43:14,308 INFO Reading oasis troops info (27/80)
2020-09-10 13:43:14,731 INFO Reading oasis troops info (28/80)
2020-09-10 13:43:15,151 INFO Reading oasis troops info (29/80)
2020-09-10 13:43:15,551 INFO Reading oasis troops info (30/80)
2020-09-10 13:43:16,002 INFO Reading oasis troops info (31/80)
2020-09-10 13:43:16,419 INFO Reading oasis troops info (32/80)
2020-09-10 13:43:16,866 INFO Reading oasis troops info (33/80)
2020-09-10 13:43:17,434 INFO Reading oasis troops info (34/80)
2020-09-10 13:43:18,193 INFO Reading oasis troops info (35/80)
2020-09-10 13:43:18,748 INFO Reading oasis troops info (36/80)
2020-09-10 13:43:19,217 INFO Reading oasis troops info (37/80)
2020-09-10 13:43:19,667 INFO Reading oasis troops info (38/80)
2020-09-10 13:43:20,094 INFO Reading oasis troops info (39/80)
2020-09-10 13:43:20,549 INFO Reading oasis troops info (40/80)
2020-09-10 13:43:20,997 INFO Reading oasis troops info (41/80)
2020-09-10 13:43:21,429 INFO Reading oasis troops info (42/80)
2020-09-10 13:43:21,858 INFO Reading oasis troops info (43/80)
2020-09-10 13:43:22,269 INFO Reading oasis troops info (44/80)
2020-09-10 13:43:22,671 INFO Reading oasis troops info (45/80)
2020-09-10 13:43:23,092 INFO Reading oasis troops info (46/80)
2020-09-10 13:43:23,558 INFO Reading oasis troops info (47/80)
2020-09-10 13:43:24,001 INFO Reading oasis troops info (48/80)
2020-09-10 13:43:24,473 INFO Reading oasis troops info (49/80)
2020-09-10 13:43:24,961 INFO Reading oasis troops info (50/80)
2020-09-10 13:43:25,459 INFO Reading oasis troops info (51/80)
2020-09-10 13:43:25,919 INFO Reading oasis troops info (52/80)
2020-09-10 13:43:26,385 INFO Reading oasis troops info (53/80)
2020-09-10 13:43:26,874 INFO Reading oasis troops info (54/80)
2020-09-10 13:43:27,353 INFO Reading oasis troops info (55/80)
2020-09-10 13:43:27,840 INFO Reading oasis troops info (56/80)
2020-09-10 13:43:28,269 INFO Reading oasis troops info (57/80)
2020-09-10 13:43:28,720 INFO Reading oasis troops info (58/80)
2020-09-10 13:43:29,175 INFO Reading oasis troops info (59/80)
2020-09-10 13:43:29,620 INFO Reading oasis troops info (60/80)
2020-09-10 13:43:30,105 INFO Reading oasis troops info (61/80)
2020-09-10 13:43:30,591 INFO Reading oasis troops info (62/80)
2020-09-10 13:43:31,039 INFO Reading oasis troops info (63/80)
2020-09-10 13:43:31,535 INFO Reading oasis troops info (64/80)
2020-09-10 13:43:32,008 INFO Reading oasis troops info (65/80)
2020-09-10 13:43:32,475 INFO Reading oasis troops info (66/80)
2020-09-10 13:43:32,972 INFO Reading oasis troops info (67/80)
2020-09-10 13:43:33,525 INFO Reading oasis troops info (68/80)
2020-09-10 13:43:34,104 INFO Reading oasis troops info (69/80)
2020-09-10 13:43:34,597 INFO Reading oasis troops info (70/80)
2020-09-10 13:43:35,173 INFO Reading oasis troops info (71/80)
2020-09-10 13:43:35,831 INFO Reading oasis troops info (72/80)
2020-09-10 13:43:36,473 INFO Reading oasis troops info (73/80)
2020-09-10 13:43:37,142 INFO Reading oasis troops info (74/80)
2020-09-10 13:43:37,684 INFO Reading oasis troops info (75/80)
2020-09-10 13:43:38,179 INFO Reading oasis troops info (76/80)
2020-09-10 13:43:38,709 INFO Reading oasis troops info (77/80)
2020-09-10 13:43:39,295 INFO Reading oasis troops info (78/80)
2020-09-10 13:43:39,931 INFO Reading oasis troops info (79/80)
2020-09-10 13:43:40,570 INFO Reading oasis troops info (80/80)
2020-09-10 13:43:41,261 INFO Left to sleep: 60s
2020-09-10 14:23:33,101 INFO Logging started
2020-09-10 14:23:33,104 INFO Preventing Windows from going to sleep
2020-09-10 14:23:36,347 INFO Connecting to https://tse.europe.travian.com
2020-09-10 14:23:37,374 INFO self.logging into account
2020-09-10 14:23:39,123 INFO Reading oasis troops info (1/80)
2020-09-10 14:23:39,605 INFO Reading oasis troops info (2/80)
2020-09-10 14:23:40,036 INFO Reading oasis troops info (3/80)
2020-09-10 14:23:40,457 INFO Reading oasis troops info (4/80)
2020-09-10 14:23:40,855 INFO Reading oasis troops info (5/80)
2020-09-10 14:23:41,296 INFO Reading oasis troops info (6/80)
2020-09-10 14:23:41,780 INFO Reading oasis troops info (7/80)
2020-09-10 14:23:42,206 INFO Reading oasis troops info (8/80)
2020-09-10 14:23:42,616 INFO Reading oasis troops info (9/80)
2020-09-10 14:23:43,041 INFO Reading oasis troops info (10/80)
2020-09-10 14:23:43,458 INFO Reading oasis troops info (11/80)
2020-09-10 14:23:43,860 INFO Reading oasis troops info (12/80)
2020-09-10 14:23:44,576 INFO Reading oasis troops info (13/80)
2020-09-10 14:23:45,092 INFO Reading oasis troops info (14/80)
2020-09-10 14:23:45,719 INFO Reading oasis troops info (15/80)
2020-09-10 14:23:46,374 INFO Reading oasis troops info (16/80)
2020-09-10 14:23:47,033 INFO Reading oasis troops info (17/80)
2020-09-10 14:23:47,537 INFO Reading oasis troops info (18/80)
2020-09-10 14:23:48,087 INFO Reading oasis troops info (19/80)
2020-09-10 14:23:48,635 INFO Reading oasis troops info (20/80)
2020-09-10 14:23:49,175 INFO Reading oasis troops info (21/80)
2020-09-10 14:23:49,705 INFO Reading oasis troops info (22/80)
2020-09-10 14:23:50,288 INFO Reading oasis troops info (23/80)
2020-09-10 14:23:50,740 INFO Reading oasis troops info (24/80)
2020-09-10 14:23:51,244 INFO Reading oasis troops info (25/80)
2020-09-10 14:23:51,886 INFO Reading oasis troops info (26/80)
2020-09-10 14:23:52,560 INFO Reading oasis troops info (27/80)
2020-09-10 14:23:53,206 INFO Reading oasis troops info (28/80)
2020-09-10 14:23:53,767 INFO Reading oasis troops info (29/80)
2020-09-10 14:23:54,383 INFO Reading oasis troops info (30/80)
2020-09-10 14:23:54,857 INFO Reading oasis troops info (31/80)
2020-09-10 14:23:55,331 INFO Reading oasis troops info (32/80)
2020-09-10 14:23:55,876 INFO Reading oasis troops info (33/80)
2020-09-10 14:23:56,288 INFO Reading oasis troops info (34/80)
2020-09-10 14:23:56,696 INFO Reading oasis troops info (35/80)
2020-09-10 14:23:57,140 INFO Reading oasis troops info (36/80)
2020-09-10 14:23:57,550 INFO Reading oasis troops info (37/80)
2020-09-10 14:23:57,988 INFO Reading oasis troops info (38/80)
2020-09-10 14:23:58,391 INFO Reading oasis troops info (39/80)
2020-09-10 14:23:58,827 INFO Reading oasis troops info (40/80)
2020-09-10 14:23:59,321 INFO Reading oasis troops info (41/80)
2020-09-10 14:23:59,759 INFO Reading oasis troops info (42/80)
2020-09-10 14:24:00,192 INFO Reading oasis troops info (43/80)
2020-09-10 14:24:00,592 INFO Reading oasis troops info (44/80)
2020-09-10 14:24:01,015 INFO Reading oasis troops info (45/80)
2020-09-10 14:24:01,469 INFO Reading oasis troops info (46/80)
2020-09-10 14:24:01,902 INFO Reading oasis troops info (47/80)
2020-09-10 14:24:02,325 INFO Reading oasis troops info (48/80)
2020-09-10 14:24:02,733 INFO Reading oasis troops info (49/80)
2020-09-10 14:24:03,156 INFO Reading oasis troops info (50/80)
2020-09-10 14:24:03,585 INFO Reading oasis troops info (51/80)
2020-09-10 14:24:04,010 INFO Reading oasis troops info (52/80)
2020-09-10 14:24:04,439 INFO Reading oasis troops info (53/80)
2020-09-10 14:24:04,880 INFO Reading oasis troops info (54/80)
2020-09-10 14:24:05,314 INFO Reading oasis troops info (55/80)
2020-09-10 14:24:06,018 INFO Reading oasis troops info (56/80)
2020-09-10 14:24:06,431 INFO Reading oasis troops info (57/80)
2020-09-10 14:24:07,072 INFO Reading oasis troops info (58/80)
2020-09-10 14:24:07,483 INFO Reading oasis troops info (59/80)
2020-09-10 14:24:07,925 INFO Reading oasis troops info (60/80)
2020-09-10 14:24:08,356 INFO Reading oasis troops info (61/80)
2020-09-10 14:24:08,797 INFO Reading oasis troops info (62/80)
2020-09-10 14:24:09,229 INFO Reading oasis troops info (63/80)
2020-09-10 14:24:09,630 INFO Reading oasis troops info (64/80)
2020-09-10 14:24:10,114 INFO Reading oasis troops info (65/80)
2020-09-10 14:24:10,546 INFO Reading oasis troops info (66/80)
2020-09-10 14:24:10,947 INFO Reading oasis troops info (67/80)
2020-09-10 14:24:11,386 INFO Reading oasis troops info (68/80)
2020-09-10 14:24:11,819 INFO Reading oasis troops info (69/80)
2020-09-10 14:24:12,226 INFO Reading oasis troops info (70/80)
2020-09-10 14:24:12,697 INFO Reading oasis troops info (71/80)
2020-09-10 14:24:13,225 INFO Reading oasis troops info (72/80)
2020-09-10 14:24:13,705 INFO Reading oasis troops info (73/80)
2020-09-10 14:24:14,155 INFO Reading oasis troops info (74/80)
2020-09-10 14:24:14,572 INFO Reading oasis troops info (75/80)
2020-09-10 14:24:14,969 INFO Reading oasis troops info (76/80)
2020-09-10 14:24:15,356 INFO Reading oasis troops info (77/80)
2020-09-10 14:24:15,813 INFO Reading oasis troops info (78/80)
2020-09-10 14:24:16,242 INFO Reading oasis troops info (79/80)
2020-09-10 14:24:16,649 INFO Reading oasis troops info (80/80)
2020-09-10 14:24:17,059 INFO Left to sleep: 60s
2020-09-10 15:02:19,690 INFO Logging started
2020-09-10 15:02:19,692 INFO Preventing Windows from going to sleep
2020-09-10 15:02:23,191 INFO Connecting to https://tse.europe.travian.com
2020-09-10 15:02:25,460 INFO self.logging into account
2020-09-10 15:02:27,642 INFO Reading oasis troops info (1/80)
2020-09-10 15:02:28,114 INFO Reading oasis troops info (2/80)
2020-09-10 15:02:28,524 INFO Reading oasis troops info (3/80)
2020-09-10 15:02:28,956 INFO Reading oasis troops info (4/80)
2020-09-10 15:02:29,374 INFO Reading oasis troops info (5/80)
2020-09-10 15:02:29,800 INFO Reading oasis troops info (6/80)
2020-09-10 15:02:30,242 INFO Reading oasis troops info (7/80)
2020-09-10 15:02:30,657 INFO Reading oasis troops info (8/80)
2020-09-10 15:02:31,052 INFO Reading oasis troops info (9/80)
2020-09-10 15:02:31,465 INFO Reading oasis troops info (10/80)
2020-09-10 15:02:31,918 INFO Reading oasis troops info (11/80)
2020-09-10 15:02:32,310 INFO Reading oasis troops info (12/80)
2020-09-10 15:02:32,729 INFO Reading oasis troops info (13/80)
2020-09-10 15:02:33,151 INFO Reading oasis troops info (14/80)
2020-09-10 15:02:33,550 INFO Reading oasis troops info (15/80)
2020-09-10 15:02:33,935 INFO Reading oasis troops info (16/80)
2020-09-10 15:02:34,338 INFO Reading oasis troops info (17/80)
2020-09-10 15:02:34,738 INFO Reading oasis troops info (18/80)
2020-09-10 15:02:35,147 INFO Reading oasis troops info (19/80)
2020-09-10 15:02:35,582 INFO Reading oasis troops info (20/80)
2020-09-10 15:02:35,979 INFO Reading oasis troops info (21/80)
2020-09-10 15:02:36,377 INFO Reading oasis troops info (22/80)
2020-09-10 15:02:36,827 INFO Reading oasis troops info (23/80)
2020-09-10 15:02:37,208 INFO Reading oasis troops info (24/80)
2020-09-10 15:02:37,609 INFO Reading oasis troops info (25/80)
2020-09-10 15:02:38,025 INFO Reading oasis troops info (26/80)
2020-09-10 15:02:38,447 INFO Reading oasis troops info (27/80)
2020-09-10 15:02:38,857 INFO Reading oasis troops info (28/80)
2020-09-10 15:02:39,244 INFO Reading oasis troops info (29/80)
2020-09-10 15:02:39,665 INFO Reading oasis troops info (30/80)
2020-09-10 15:02:40,147 INFO Reading oasis troops info (31/80)
2020-09-10 15:02:40,540 INFO Reading oasis troops info (32/80)
2020-09-10 15:02:40,949 INFO Reading oasis troops info (33/80)
2020-09-10 15:02:41,360 INFO Reading oasis troops info (34/80)
2020-09-10 15:02:41,787 INFO Reading oasis troops info (35/80)
2020-09-10 15:02:42,173 INFO Reading oasis troops info (36/80)
2020-09-10 15:02:42,577 INFO Reading oasis troops info (37/80)
2020-09-10 15:02:42,972 INFO Reading oasis troops info (38/80)
2020-09-10 15:02:43,385 INFO Reading oasis troops info (39/80)
2020-09-10 15:02:43,802 INFO Reading oasis troops info (40/80)
2020-09-10 15:02:44,246 INFO Reading oasis troops info (41/80)
2020-09-10 15:02:44,657 INFO Reading oasis troops info (42/80)
2020-09-10 15:02:45,058 INFO Reading oasis troops info (43/80)
2020-09-10 15:02:45,464 INFO Reading oasis troops info (44/80)
2020-09-10 15:02:45,865 INFO Reading oasis troops info (45/80)
2020-09-10 15:02:46,289 INFO Reading oasis troops info (46/80)
2020-09-10 15:02:46,705 INFO Reading oasis troops info (47/80)
2020-09-10 15:02:47,098 INFO Reading oasis troops info (48/80)
2020-09-10 15:02:47,531 INFO Reading oasis troops info (49/80)
2020-09-10 15:02:47,913 INFO Reading oasis troops info (50/80)
2020-09-10 15:02:48,337 INFO Reading oasis troops info (51/80)
2020-09-10 15:02:48,751 INFO Reading oasis troops info (52/80)
2020-09-10 15:02:49,169 INFO Reading oasis troops info (53/80)
2020-09-10 15:02:49,567 INFO Reading oasis troops info (54/80)
2020-09-10 15:02:49,969 INFO Reading oasis troops info (55/80)
2020-09-10 15:02:50,367 INFO Reading oasis troops info (56/80)
2020-09-10 15:02:50,783 INFO Reading oasis troops info (57/80)
2020-09-10 15:02:51,180 INFO Reading oasis troops info (58/80)
2020-09-10 15:02:51,563 INFO Reading oasis troops info (59/80)
2020-09-10 15:02:51,975 INFO Reading oasis troops info (60/80)
2020-09-10 15:02:52,423 INFO Reading oasis troops info (61/80)
2020-09-10 15:02:52,805 INFO Reading oasis troops info (62/80)
2020-09-10 15:02:53,204 INFO Reading oasis troops info (63/80)
2020-09-10 15:02:53,621 INFO Reading oasis troops info (64/80)
2020-09-10 15:02:54,015 INFO Reading oasis troops info (65/80)
2020-09-10 15:02:54,424 INFO Reading oasis troops info (66/80)
2020-09-10 15:02:54,841 INFO Reading oasis troops info (67/80)
2020-09-10 15:02:55,229 INFO Reading oasis troops info (68/80)
2020-09-10 15:02:55,677 INFO Reading oasis troops info (69/80)
2020-09-10 15:02:56,101 INFO Reading oasis troops info (70/80)
2020-09-10 15:02:56,487 INFO Reading oasis troops info (71/80)
2020-09-10 15:02:56,910 INFO Reading oasis troops info (72/80)
2020-09-10 15:02:57,337 INFO Reading oasis troops info (73/80)
2020-09-10 15:02:57,727 INFO Reading oasis troops info (74/80)
2020-09-10 15:02:58,139 INFO Reading oasis troops info (75/80)
2020-09-10 15:02:58,541 INFO Reading oasis troops info (76/80)
2020-09-10 15:02:58,954 INFO Reading oasis troops info (77/80)
2020-09-10 15:02:59,347 INFO Reading oasis troops info (78/80)
2020-09-10 15:02:59,779 INFO Reading oasis troops info (79/80)
2020-09-10 15:03:00,186 INFO Reading oasis troops info (80/80)
2020-09-10 15:03:00,608 INFO Left to sleep: 60s
2020-09-10 15:22:42,035 INFO Logging started
2020-09-10 15:22:42,038 INFO Preventing Windows from going to sleep
2020-09-10 15:22:45,179 INFO Connecting to https://tse.europe.travian.com
2020-09-10 15:22:46,509 INFO self.logging into account
2020-09-10 15:22:48,005 INFO Reading oasis troops info (1/80)
2020-09-10 15:22:48,446 INFO Reading oasis troops info (2/80)
2020-09-10 15:22:48,897 INFO Reading oasis troops info (3/80)
2020-09-10 15:22:49,315 INFO Reading oasis troops info (4/80)
2020-09-10 15:22:49,757 INFO Reading oasis troops info (5/80)
2020-09-10 15:22:50,207 INFO Reading oasis troops info (6/80)
2020-09-10 15:22:50,666 INFO Reading oasis troops info (7/80)
2020-09-10 15:22:51,206 INFO Reading oasis troops info (8/80)
2020-09-10 15:22:51,628 INFO Reading oasis troops info (9/80)
2020-09-10 15:22:52,090 INFO Reading oasis troops info (10/80)
2020-09-10 15:22:52,853 INFO Reading oasis troops info (11/80)
2020-09-10 15:22:53,267 INFO Reading oasis troops info (12/80)
2020-09-10 15:22:53,852 INFO Reading oasis troops info (13/80)
2020-09-10 15:22:54,294 INFO Reading oasis troops info (14/80)
2020-09-10 15:22:54,731 INFO Reading oasis troops info (15/80)
2020-09-10 15:22:55,193 INFO Reading oasis troops info (16/80)
2020-09-10 15:22:55,625 INFO Reading oasis troops info (17/80)
2020-09-10 15:22:56,162 INFO Reading oasis troops info (18/80)
2020-09-10 15:22:56,616 INFO Reading oasis troops info (19/80)
2020-09-10 15:22:57,060 INFO Reading oasis troops info (20/80)
2020-09-10 15:22:57,434 INFO Reading oasis troops info (21/80)
2020-09-10 15:22:57,839 INFO Reading oasis troops info (22/80)
2020-09-10 15:22:58,282 INFO Reading oasis troops info (23/80)
2020-09-10 15:22:58,696 INFO Reading oasis troops info (24/80)
2020-09-10 15:22:59,189 INFO Reading oasis troops info (25/80)
2020-09-10 15:22:59,577 INFO Reading oasis troops info (26/80)
2020-09-10 15:23:00,103 INFO Reading oasis troops info (27/80)
2020-09-10 15:23:00,532 INFO Reading oasis troops info (28/80)
2020-09-10 15:23:00,948 INFO Reading oasis troops info (29/80)
2020-09-10 15:23:01,473 INFO Reading oasis troops info (30/80)
2020-09-10 15:23:01,960 INFO Reading oasis troops info (31/80)
2020-09-10 15:23:02,385 INFO Reading oasis troops info (32/80)
2020-09-10 15:23:02,861 INFO Reading oasis troops info (33/80)
2020-09-10 15:23:03,294 INFO Reading oasis troops info (34/80)
2020-09-10 15:23:03,722 INFO Reading oasis troops info (35/80)
2020-09-10 15:23:04,162 INFO Reading oasis troops info (36/80)
2020-09-10 15:23:04,611 INFO Reading oasis troops info (37/80)
2020-09-10 15:23:05,063 INFO Reading oasis troops info (38/80)
2020-09-10 15:23:05,465 INFO Reading oasis troops info (39/80)
2020-09-10 15:23:05,906 INFO Reading oasis troops info (40/80)
2020-09-10 15:23:06,348 INFO Reading oasis troops info (41/80)
2020-09-10 15:23:06,790 INFO Reading oasis troops info (42/80)
2020-09-10 15:23:07,274 INFO Reading oasis troops info (43/80)
2020-09-10 15:23:07,736 INFO Reading oasis troops info (44/80)
2020-09-10 15:23:08,132 INFO Reading oasis troops info (45/80)
2020-09-10 15:23:08,566 INFO Reading oasis troops info (46/80)
2020-09-10 15:23:08,975 INFO Reading oasis troops info (47/80)
2020-09-10 15:23:09,382 INFO Reading oasis troops info (48/80)
2020-09-10 15:23:09,798 INFO Reading oasis troops info (49/80)
2020-09-10 15:23:10,244 INFO Reading oasis troops info (50/80)
2020-09-10 15:23:10,697 INFO Reading oasis troops info (51/80)
2020-09-10 15:23:11,128 INFO Reading oasis troops info (52/80)
2020-09-10 15:23:11,548 INFO Reading oasis troops info (53/80)
2020-09-10 15:23:11,953 INFO Reading oasis troops info (54/80)
2020-09-10 15:23:12,347 INFO Reading oasis troops info (55/80)
2020-09-10 15:23:12,825 INFO Reading oasis troops info (56/80)
2020-09-10 15:23:13,242 INFO Reading oasis troops info (57/80)
2020-09-10 15:23:13,652 INFO Reading oasis troops info (58/80)
2020-09-10 15:23:14,278 INFO Reading oasis troops info (59/80)
2020-09-10 15:23:14,923 INFO Reading oasis troops info (60/80)
2020-09-10 15:23:15,441 INFO Reading oasis troops info (61/80)
2020-09-10 15:23:15,882 INFO Reading oasis troops info (62/80)
2020-09-10 15:23:16,296 INFO Reading oasis troops info (63/80)
2020-09-10 15:23:16,779 INFO Reading oasis troops info (64/80)
2020-09-10 15:23:17,171 INFO Reading oasis troops info (65/80)
2020-09-10 15:23:17,597 INFO Reading oasis troops info (66/80)
2020-09-10 15:23:18,047 INFO Reading oasis troops info (67/80)
2020-09-10 15:23:18,488 INFO Reading oasis troops info (68/80)
2020-09-10 15:23:18,900 INFO Reading oasis troops info (69/80)
2020-09-10 15:23:19,322 INFO Reading oasis troops info (70/80)
2020-09-10 15:23:19,757 INFO Reading oasis troops info (71/80)
2020-09-10 15:23:20,170 INFO Reading oasis troops info (72/80)
2020-09-10 15:23:20,535 INFO Reading oasis troops info (73/80)
2020-09-10 15:23:21,010 INFO Reading oasis troops info (74/80)
2020-09-10 15:23:21,418 INFO Reading oasis troops info (75/80)
2020-09-10 15:23:21,853 INFO Reading oasis troops info (76/80)
2020-09-10 15:23:22,324 INFO Reading oasis troops info (77/80)
2020-09-10 15:23:22,733 INFO Reading oasis troops info (78/80)
2020-09-10 15:23:23,181 INFO Reading oasis troops info (79/80)
2020-09-10 15:23:23,606 INFO Reading oasis troops info (80/80)
2020-09-10 15:23:23,995 INFO Left to sleep: 60s
2020-09-10 15:23:33,995 INFO Left to sleep: 50s
2020-09-10 15:23:43,997 INFO Left to sleep: 40s
2020-09-10 16:30:51,484 INFO Logging started
2020-09-10 16:30:51,487 INFO Preventing Windows from going to sleep
2020-09-10 16:30:54,726 INFO Connecting to https://tse.europe.travian.com
2020-09-10 16:30:56,775 INFO self.logging into account
2020-09-10 16:30:58,541 INFO Reading oasis troops info (1/80)
2020-09-10 16:30:58,982 INFO Reading oasis troops info (2/80)
2020-09-10 16:30:59,499 INFO Reading oasis troops info (3/80)
2020-09-10 16:31:00,120 INFO Reading oasis troops info (4/80)
2020-09-10 16:31:00,489 INFO Reading oasis troops info (5/80)
2020-09-10 16:31:00,919 INFO Reading oasis troops info (6/80)
2020-09-10 16:31:01,357 INFO Reading oasis troops info (7/80)
2020-09-10 16:31:01,792 INFO Reading oasis troops info (8/80)
2020-09-10 16:31:02,207 INFO Reading oasis troops info (9/80)
2020-09-10 16:31:02,630 INFO Reading oasis troops info (10/80)
2020-09-10 16:31:03,035 INFO Reading oasis troops info (11/80)
2020-09-10 16:31:03,421 INFO Reading oasis troops info (12/80)
2020-09-10 16:31:03,845 INFO Reading oasis troops info (13/80)
2020-09-10 16:31:04,242 INFO Reading oasis troops info (14/80)
2020-09-10 16:31:04,630 INFO Reading oasis troops info (15/80)
2020-09-10 16:31:05,032 INFO Reading oasis troops info (16/80)
2020-09-10 16:31:05,440 INFO Reading oasis troops info (17/80)
2020-09-10 16:31:05,858 INFO Reading oasis troops info (18/80)
2020-09-10 16:31:06,308 INFO Reading oasis troops info (19/80)
2020-09-10 16:31:06,730 INFO Reading oasis troops info (20/80)
2020-09-10 16:31:07,133 INFO Reading oasis troops info (21/80)
2020-09-10 16:31:07,543 INFO Reading oasis troops info (22/80)
2020-09-10 16:31:07,927 INFO Reading oasis troops info (23/80)
2020-09-10 16:31:08,343 INFO Reading oasis troops info (24/80)
2020-09-10 16:31:09,710 INFO Reading oasis troops info (25/80)
2020-09-10 16:31:10,172 INFO Reading oasis troops info (26/80)
2020-09-10 16:31:10,604 INFO Reading oasis troops info (27/80)
2020-09-10 16:31:11,051 INFO Reading oasis troops info (28/80)
2020-09-10 16:31:11,511 INFO Reading oasis troops info (29/80)
2020-09-10 16:31:12,230 INFO Reading oasis troops info (30/80)
2020-09-10 16:31:12,872 INFO Reading oasis troops info (31/80)
2020-09-10 16:31:13,315 INFO Reading oasis troops info (32/80)
2020-09-10 16:31:13,963 INFO Reading oasis troops info (33/80)
2020-09-10 16:31:14,544 INFO Reading oasis troops info (34/80)
2020-09-10 16:31:15,116 INFO Reading oasis troops info (35/80)
2020-09-10 16:31:15,536 INFO Reading oasis troops info (36/80)
2020-09-10 16:31:15,951 INFO Reading oasis troops info (37/80)
2020-09-10 16:31:16,344 INFO Reading oasis troops info (38/80)
2020-09-10 16:31:16,749 INFO Reading oasis troops info (39/80)
2020-09-10 16:31:17,134 INFO Reading oasis troops info (40/80)
2020-09-10 16:31:17,563 INFO Reading oasis troops info (41/80)
2020-09-10 16:31:17,978 INFO Reading oasis troops info (42/80)
2020-09-10 16:31:18,391 INFO Reading oasis troops info (43/80)
2020-09-10 16:31:18,782 INFO Reading oasis troops info (44/80)
2020-09-10 16:31:19,211 INFO Reading oasis troops info (45/80)
2020-09-10 16:31:19,638 INFO Reading oasis troops info (46/80)
2020-09-10 16:31:20,062 INFO Reading oasis troops info (47/80)
2020-09-10 16:31:20,457 INFO Reading oasis troops info (48/80)
2020-09-10 16:31:20,864 INFO Reading oasis troops info (49/80)
2020-09-10 16:31:21,297 INFO Reading oasis troops info (50/80)
2020-09-10 16:31:21,732 INFO Reading oasis troops info (51/80)
2020-09-10 16:31:22,143 INFO Reading oasis troops info (52/80)
2020-09-10 16:31:22,534 INFO Reading oasis troops info (53/80)
2020-09-10 16:31:22,937 INFO Reading oasis troops info (54/80)
2020-09-10 16:31:23,340 INFO Reading oasis troops info (55/80)
2020-09-10 16:31:23,747 INFO Reading oasis troops info (56/80)
2020-09-10 16:31:24,216 INFO Reading oasis troops info (57/80)
2020-09-10 16:31:24,635 INFO Reading oasis troops info (58/80)
2020-09-10 16:31:25,063 INFO Reading oasis troops info (59/80)
2020-09-10 16:31:25,467 INFO Reading oasis troops info (60/80)
2020-09-10 16:31:25,865 INFO Reading oasis troops info (61/80)
2020-09-10 16:31:26,294 INFO Reading oasis troops info (62/80)
2020-09-10 16:31:26,735 INFO Reading oasis troops info (63/80)
2020-09-10 16:31:27,163 INFO Reading oasis troops info (64/80)
2020-09-10 16:31:27,582 INFO Reading oasis troops info (65/80)
2020-09-10 16:31:28,010 INFO Reading oasis troops info (66/80)
2020-09-10 16:31:28,413 INFO Reading oasis troops info (67/80)
2020-09-10 16:31:28,827 INFO Reading oasis troops info (68/80)
2020-09-10 16:31:29,221 INFO Reading oasis troops info (69/80)
2020-09-10 16:31:29,615 INFO Reading oasis troops info (70/80)
2020-09-10 16:31:30,028 INFO Reading oasis troops info (71/80)
2020-09-10 16:31:30,417 INFO Reading oasis troops info (72/80)
2020-09-10 16:31:30,762 INFO Reading oasis troops info (73/80)
2020-09-10 16:31:31,180 INFO Reading oasis troops info (74/80)
2020-09-10 16:31:31,590 INFO Reading oasis troops info (75/80)
2020-09-10 16:31:32,004 INFO Reading oasis troops info (76/80)
2020-09-10 16:31:32,479 INFO Reading oasis troops info (77/80)
2020-09-10 16:31:32,859 INFO Reading oasis troops info (78/80)
2020-09-10 16:31:33,357 INFO Reading oasis troops info (79/80)
2020-09-10 16:31:33,762 INFO Reading oasis troops info (80/80)
2020-09-10 16:31:34,159 INFO Left to sleep: 60s
2020-09-10 16:57:42,700 INFO Logging started
2020-09-10 16:57:42,702 INFO Preventing Windows from going to sleep
2020-09-10 16:57:46,008 INFO Connecting to https://tse.europe.travian.com
2020-09-10 16:57:47,895 INFO self.logging into account
2020-09-10 16:57:50,110 INFO Reading oasis troops info (1/80)
2020-09-10 16:57:50,770 INFO Reading oasis troops info (2/80)
2020-09-10 16:57:51,247 INFO Reading oasis troops info (3/80)
2020-09-10 16:57:51,758 INFO Reading oasis troops info (4/80)
2020-09-10 16:57:52,186 INFO Reading oasis troops info (5/80)
2020-09-10 16:57:52,594 INFO Reading oasis troops info (6/80)
2020-09-10 16:57:53,042 INFO Reading oasis troops info (7/80)
2020-09-10 16:57:53,463 INFO Reading oasis troops info (8/80)
2020-09-10 16:57:53,871 INFO Reading oasis troops info (9/80)
2020-09-10 16:57:54,320 INFO Reading oasis troops info (10/80)
2020-09-10 16:57:54,773 INFO Reading oasis troops info (11/80)
2020-09-10 16:57:55,197 INFO Reading oasis troops info (12/80)
2020-09-10 16:57:55,673 INFO Reading oasis troops info (13/80)
2020-09-10 16:57:56,193 INFO Reading oasis troops info (14/80)
2020-09-10 16:57:56,675 INFO Reading oasis troops info (15/80)
2020-09-10 16:57:57,184 INFO Reading oasis troops info (16/80)
2020-09-10 16:57:57,704 INFO Reading oasis troops info (17/80)
2020-09-10 16:57:58,189 INFO Reading oasis troops info (18/80)
2020-09-10 16:57:58,727 INFO Reading oasis troops info (19/80)
2020-09-10 16:57:59,278 INFO Reading oasis troops info (20/80)
2020-09-10 16:57:59,885 INFO Reading oasis troops info (21/80)
2020-09-10 16:58:00,360 INFO Reading oasis troops info (22/80)
2020-09-10 16:58:00,842 INFO Reading oasis troops info (23/80)
2020-09-10 16:58:01,317 INFO Reading oasis troops info (24/80)
2020-09-10 16:58:01,792 INFO Reading oasis troops info (25/80)
2020-09-10 16:58:02,225 INFO Reading oasis troops info (26/80)
2020-09-10 16:58:02,670 INFO Reading oasis troops info (27/80)
2020-09-10 16:58:03,095 INFO Reading oasis troops info (28/80)
2020-09-10 16:58:03,635 INFO Reading oasis troops info (29/80)
2020-09-10 16:58:04,079 INFO Reading oasis troops info (30/80)
2020-09-10 16:58:04,514 INFO Reading oasis troops info (31/80)
2020-09-10 16:58:04,939 INFO Reading oasis troops info (32/80)
2020-09-10 16:58:05,371 INFO Reading oasis troops info (33/80)
2020-09-10 16:58:05,837 INFO Reading oasis troops info (34/80)
2020-09-10 16:58:06,308 INFO Reading oasis troops info (35/80)
2020-09-10 16:58:06,793 INFO Reading oasis troops info (36/80)
2020-09-10 16:58:07,316 INFO Reading oasis troops info (37/80)
2020-09-10 16:58:07,736 INFO Reading oasis troops info (38/80)
2020-09-10 16:58:08,172 INFO Reading oasis troops info (39/80)
2020-09-10 16:58:08,590 INFO Reading oasis troops info (40/80)
2020-09-10 16:58:09,009 INFO Reading oasis troops info (41/80)
2020-09-10 16:58:09,457 INFO Reading oasis troops info (42/80)
2020-09-10 16:58:09,907 INFO Reading oasis troops info (43/80)
2020-09-10 16:58:10,331 INFO Reading oasis troops info (44/80)
2020-09-10 16:58:10,798 INFO Reading oasis troops info (45/80)
2020-09-10 16:58:11,237 INFO Reading oasis troops info (46/80)
2020-09-10 16:58:11,698 INFO Reading oasis troops info (47/80)
2020-09-10 16:58:12,138 INFO Reading oasis troops info (48/80)
2020-09-10 16:58:12,548 INFO Reading oasis troops info (49/80)
2020-09-10 16:58:12,956 INFO Reading oasis troops info (50/80)
2020-09-10 16:58:13,427 INFO Reading oasis troops info (51/80)
2020-09-10 16:58:13,845 INFO Reading oasis troops info (52/80)
2020-09-10 16:58:14,277 INFO Reading oasis troops info (53/80)
2020-09-10 16:58:14,733 INFO Reading oasis troops info (54/80)
2020-09-10 16:58:15,173 INFO Reading oasis troops info (55/80)
2020-09-10 16:58:15,562 INFO Reading oasis troops info (56/80)
2020-09-10 16:58:15,970 INFO Reading oasis troops info (57/80)
2020-09-10 16:58:16,375 INFO Reading oasis troops info (58/80)
2020-09-10 16:58:16,788 INFO Reading oasis troops info (59/80)
2020-09-10 16:58:17,226 INFO Reading oasis troops info (60/80)
2020-09-10 16:58:17,665 INFO Reading oasis troops info (61/80)
2020-09-10 16:58:18,071 INFO Reading oasis troops info (62/80)
2020-09-10 16:58:18,488 INFO Reading oasis troops info (63/80)
2020-09-10 16:58:18,907 INFO Reading oasis troops info (64/80)
2020-09-10 16:58:19,320 INFO Reading oasis troops info (65/80)
2020-09-10 16:58:19,718 INFO Reading oasis troops info (66/80)
2020-09-10 16:58:20,149 INFO Reading oasis troops info (67/80)
2020-09-10 16:58:20,585 INFO Reading oasis troops info (68/80)
2020-09-10 16:58:20,968 INFO Reading oasis troops info (69/80)
2020-09-10 16:58:21,388 INFO Reading oasis troops info (70/80)
2020-09-10 16:58:21,788 INFO Reading oasis troops info (71/80)
2020-09-10 16:58:22,216 INFO Reading oasis troops info (72/80)
2020-09-10 16:58:22,599 INFO Reading oasis troops info (73/80)
2020-09-10 16:58:23,037 INFO Reading oasis troops info (74/80)
2020-09-10 16:58:23,486 INFO Reading oasis troops info (75/80)
2020-09-10 16:58:23,967 INFO Reading oasis troops info (76/80)
2020-09-10 16:58:24,390 INFO Reading oasis troops info (77/80)
2020-09-10 16:58:24,817 INFO Reading oasis troops info (78/80)
2020-09-10 16:58:25,256 INFO Reading oasis troops info (79/80)
2020-09-10 16:58:25,701 INFO Reading oasis troops info (80/80)
2020-09-10 16:58:26,147 INFO Left to sleep: 60s
2020-09-10 23:06:11,980 INFO Logging started
2020-09-10 23:06:11,982 INFO Preventing Windows from going to sleep
2020-09-10 23:06:15,360 INFO Connecting to https://tse.europe.travian.com
2020-09-10 23:06:17,564 INFO self.logging into account
2020-09-10 23:06:19,365 INFO Reading oasis troops info (1/80)
2020-09-10 23:06:20,627 INFO Reading oasis troops info (2/80)
2020-09-10 23:06:21,377 INFO Reading oasis troops info (3/80)
2020-09-10 23:06:21,980 INFO Reading oasis troops info (4/80)
2020-09-10 23:06:22,434 INFO Reading oasis troops info (5/80)
2020-09-10 23:06:22,930 INFO Reading oasis troops info (6/80)
2020-09-10 23:06:23,390 INFO Reading oasis troops info (7/80)
2020-09-10 23:06:23,902 INFO Reading oasis troops info (8/80)
2020-09-10 23:06:24,382 INFO Reading oasis troops info (9/80)
2020-09-10 23:06:24,809 INFO Reading oasis troops info (10/80)
2020-09-10 23:06:25,243 INFO Reading oasis troops info (11/80)
2020-09-10 23:06:25,691 INFO Reading oasis troops info (12/80)
2020-09-10 23:06:26,157 INFO Reading oasis troops info (13/80)
2020-09-10 23:06:26,604 INFO Reading oasis troops info (14/80)
2020-09-10 23:06:27,036 INFO Reading oasis troops info (15/80)
2020-09-10 23:06:27,471 INFO Reading oasis troops info (16/80)
2020-09-10 23:06:27,919 INFO Reading oasis troops info (17/80)
2020-09-10 23:06:28,409 INFO Reading oasis troops info (18/80)
2020-09-10 23:06:28,862 INFO Reading oasis troops info (19/80)
2020-09-10 23:06:29,307 INFO Reading oasis troops info (20/80)
2020-09-10 23:06:29,745 INFO Reading oasis troops info (21/80)
2020-09-10 23:06:30,203 INFO Reading oasis troops info (22/80)
2020-09-10 23:06:30,644 INFO Reading oasis troops info (23/80)
2020-09-10 23:06:31,118 INFO Reading oasis troops info (24/80)
2020-09-10 23:06:31,546 INFO Reading oasis troops info (25/80)
2020-09-10 23:06:31,964 INFO Reading oasis troops info (26/80)
2020-09-10 23:06:32,427 INFO Reading oasis troops info (27/80)
2020-09-10 23:06:32,860 INFO Reading oasis troops info (28/80)
2020-09-10 23:06:33,301 INFO Reading oasis troops info (29/80)
2020-09-10 23:06:33,745 INFO Reading oasis troops info (30/80)
2020-09-10 23:06:34,157 INFO Reading oasis troops info (31/80)
2020-09-10 23:06:34,591 INFO Reading oasis troops info (32/80)
2020-09-10 23:06:35,035 INFO Reading oasis troops info (33/80)
2020-09-10 23:06:35,476 INFO Reading oasis troops info (34/80)
2020-09-10 23:06:35,892 INFO Reading oasis troops info (35/80)
2020-09-10 23:06:36,350 INFO Reading oasis troops info (36/80)
2020-09-10 23:06:36,777 INFO Reading oasis troops info (37/80)
2020-09-10 23:06:37,197 INFO Reading oasis troops info (38/80)
2020-09-10 23:06:37,640 INFO Reading oasis troops info (39/80)
2020-09-10 23:06:38,079 INFO Reading oasis troops info (40/80)
2020-09-10 23:06:38,506 INFO Reading oasis troops info (41/80)
2020-09-10 23:06:38,943 INFO Reading oasis troops info (42/80)
2020-09-10 23:06:39,376 INFO Reading oasis troops info (43/80)
2020-09-10 23:06:39,800 INFO Reading oasis troops info (44/80)
2020-09-10 23:06:40,198 INFO Reading oasis troops info (45/80)
2020-09-10 23:06:40,610 INFO Reading oasis troops info (46/80)
2020-09-10 23:06:41,017 INFO Reading oasis troops info (47/80)
2020-09-10 23:06:41,443 INFO Reading oasis troops info (48/80)
2020-09-10 23:06:41,865 INFO Reading oasis troops info (49/80)
2020-09-10 23:06:42,292 INFO Reading oasis troops info (50/80)
2020-09-10 23:06:42,730 INFO Reading oasis troops info (51/80)
2020-09-10 23:06:43,136 INFO Reading oasis troops info (52/80)
2020-09-10 23:06:43,570 INFO Reading oasis troops info (53/80)
2020-09-10 23:06:43,971 INFO Reading oasis troops info (54/80)
2020-09-10 23:06:44,369 INFO Reading oasis troops info (55/80)
2020-09-10 23:06:44,773 INFO Reading oasis troops info (56/80)
2020-09-10 23:06:45,197 INFO Reading oasis troops info (57/80)
2020-09-10 23:06:45,641 INFO Reading oasis troops info (58/80)
2020-09-10 23:06:46,049 INFO Reading oasis troops info (59/80)
2020-09-10 23:06:46,482 INFO Reading oasis troops info (60/80)
2020-09-10 23:06:46,907 INFO Reading oasis troops info (61/80)
2020-09-10 23:06:47,375 INFO Reading oasis troops info (62/80)
2020-09-10 23:06:47,815 INFO Reading oasis troops info (63/80)
2020-09-10 23:06:48,280 INFO Reading oasis troops info (64/80)
2020-09-10 23:06:48,729 INFO Reading oasis troops info (65/80)
2020-09-10 23:06:49,164 INFO Reading oasis troops info (66/80)
2020-09-10 23:06:49,606 INFO Reading oasis troops info (67/80)
2020-09-10 23:06:50,056 INFO Reading oasis troops info (68/80)
2020-09-10 23:06:50,526 INFO Reading oasis troops info (69/80)
2020-09-10 23:06:50,948 INFO Reading oasis troops info (70/80)
2020-09-10 23:06:51,391 INFO Reading oasis troops info (71/80)
2020-09-10 23:06:51,825 INFO Reading oasis troops info (72/80)
2020-09-10 23:06:52,231 INFO Reading oasis troops info (73/80)
2020-09-10 23:06:52,682 INFO Reading oasis troops info (74/80)
2020-09-10 23:06:53,128 INFO Reading oasis troops info (75/80)
2020-09-10 23:06:53,603 INFO Reading oasis troops info (76/80)
2020-09-10 23:06:54,055 INFO Reading oasis troops info (77/80)
2020-09-10 23:06:54,482 INFO Reading oasis troops info (78/80)
2020-09-10 23:06:54,886 INFO Reading oasis troops info (79/80)
2020-09-10 23:06:55,311 INFO Reading oasis troops info (80/80)
2020-09-10 23:06:55,747 INFO Left to sleep: 60s
