2020-09-11 10:31:13,001 INFO Logging started
2020-09-11 10:31:13,003 INFO Preventing Windows from going to sleep
2020-09-11 10:31:16,157 INFO Connecting to https://tse.europe.travian.com
2020-09-11 10:31:17,639 INFO self.logging into account
2020-09-11 10:31:19,210 INFO Reading oasis troops info (1/80)
2020-09-11 10:31:19,781 INFO Reading oasis troops info (2/80)
2020-09-11 10:31:20,222 INFO Reading oasis troops info (3/80)
2020-09-11 10:31:20,676 INFO Reading oasis troops info (4/80)
2020-09-11 10:31:21,106 INFO Reading oasis troops info (5/80)
2020-09-11 10:31:21,563 INFO Reading oasis troops info (6/80)
2020-09-11 10:31:22,042 INFO Reading oasis troops info (7/80)
2020-09-11 10:31:22,486 INFO Reading oasis troops info (8/80)
2020-09-11 10:31:22,940 INFO Reading oasis troops info (9/80)
2020-09-11 10:31:23,360 INFO Reading oasis troops info (10/80)
2020-09-11 10:31:23,783 INFO Reading oasis troops info (11/80)
2020-09-11 10:31:24,235 INFO Reading oasis troops info (12/80)
2020-09-11 10:31:24,701 INFO Reading oasis troops info (13/80)
2020-09-11 10:31:25,112 INFO Reading oasis troops info (14/80)
2020-09-11 10:31:25,557 INFO Reading oasis troops info (15/80)
2020-09-11 10:31:25,978 INFO Reading oasis troops info (16/80)
2020-09-11 10:31:26,385 INFO Reading oasis troops info (17/80)
2020-09-11 10:31:26,818 INFO Reading oasis troops info (18/80)
2020-09-11 10:31:27,289 INFO Reading oasis troops info (19/80)
2020-09-11 10:31:27,745 INFO Reading oasis troops info (20/80)
2020-09-11 10:31:28,215 INFO Reading oasis troops info (21/80)
2020-09-11 10:31:28,670 INFO Reading oasis troops info (22/80)
2020-09-11 10:31:29,193 INFO Reading oasis troops info (23/80)
2020-09-11 10:31:29,629 INFO Reading oasis troops info (24/80)
2020-09-11 10:31:30,054 INFO Reading oasis troops info (25/80)
2020-09-11 10:31:30,457 INFO Reading oasis troops info (26/80)
2020-09-11 10:31:30,888 INFO Reading oasis troops info (27/80)
2020-09-11 10:31:31,357 INFO Reading oasis troops info (28/80)
2020-09-11 10:31:31,777 INFO Reading oasis troops info (29/80)
2020-09-11 10:31:32,245 INFO Reading oasis troops info (30/80)
2020-09-11 10:31:32,700 INFO Reading oasis troops info (31/80)
2020-09-11 10:31:33,116 INFO Reading oasis troops info (32/80)
2020-09-11 10:31:33,586 INFO Reading oasis troops info (33/80)
2020-09-11 10:31:34,128 INFO Reading oasis troops info (34/80)
2020-09-11 10:31:34,614 INFO Reading oasis troops info (35/80)
2020-09-11 10:31:35,053 INFO Reading oasis troops info (36/80)
2020-09-11 10:31:35,516 INFO Reading oasis troops info (37/80)
2020-09-11 10:31:35,927 INFO Reading oasis troops info (38/80)
2020-09-11 10:31:36,389 INFO Reading oasis troops info (39/80)
2020-09-11 10:31:36,826 INFO Reading oasis troops info (40/80)
2020-09-11 10:31:37,262 INFO Reading oasis troops info (41/80)
2020-09-11 10:31:37,747 INFO Reading oasis troops info (42/80)
2020-09-11 10:31:38,114 INFO Reading oasis troops info (43/80)
2020-09-11 10:31:38,653 INFO Reading oasis troops info (44/80)
2020-09-11 10:31:39,079 INFO Reading oasis troops info (45/80)
2020-09-11 10:31:39,516 INFO Reading oasis troops info (46/80)
2020-09-11 10:31:39,972 INFO Reading oasis troops info (47/80)
2020-09-11 10:31:40,422 INFO Reading oasis troops info (48/80)
2020-09-11 10:31:40,847 INFO Reading oasis troops info (49/80)
2020-09-11 10:31:41,257 INFO Reading oasis troops info (50/80)
2020-09-11 10:31:41,731 INFO Reading oasis troops info (51/80)
2020-09-11 10:31:42,193 INFO Reading oasis troops info (52/80)
2020-09-11 10:31:42,619 INFO Reading oasis troops info (53/80)
2020-09-11 10:31:43,063 INFO Reading oasis troops info (54/80)
2020-09-11 10:31:43,508 INFO Reading oasis troops info (55/80)
2020-09-11 10:31:43,961 INFO Reading oasis troops info (56/80)
2020-09-11 10:31:44,390 INFO Reading oasis troops info (57/80)
2020-09-11 10:31:44,831 INFO Reading oasis troops info (58/80)
2020-09-11 10:31:45,268 INFO Reading oasis troops info (59/80)
2020-09-11 10:31:45,753 INFO Reading oasis troops info (60/80)
2020-09-11 10:31:46,190 INFO Reading oasis troops info (61/80)
2020-09-11 10:31:46,651 INFO Reading oasis troops info (62/80)
2020-09-11 10:31:47,068 INFO Reading oasis troops info (63/80)
2020-09-11 10:31:47,488 INFO Reading oasis troops info (64/80)
2020-09-11 10:31:47,914 INFO Reading oasis troops info (65/80)
2020-09-11 10:31:48,347 INFO Reading oasis troops info (66/80)
2020-09-11 10:31:48,799 INFO Reading oasis troops info (67/80)
2020-09-11 10:31:49,250 INFO Reading oasis troops info (68/80)
2020-09-11 10:31:49,712 INFO Reading oasis troops info (69/80)
2020-09-11 10:31:50,172 INFO Reading oasis troops info (70/80)
2020-09-11 10:31:50,603 INFO Reading oasis troops info (71/80)
2020-09-11 10:31:51,148 INFO Reading oasis troops info (72/80)
2020-09-11 10:31:51,583 INFO Reading oasis troops info (73/80)
2020-09-11 10:31:52,019 INFO Reading oasis troops info (74/80)
2020-09-11 10:31:52,505 INFO Reading oasis troops info (75/80)
2020-09-11 10:31:52,964 INFO Reading oasis troops info (76/80)
2020-09-11 10:31:53,403 INFO Reading oasis troops info (77/80)
2020-09-11 10:31:53,906 INFO Reading oasis troops info (78/80)
2020-09-11 10:31:54,347 INFO Reading oasis troops info (79/80)
2020-09-11 10:31:54,798 INFO Reading oasis troops info (80/80)
2020-09-11 10:31:55,255 INFO Left to sleep: 60s
2020-09-11 14:02:28,091 INFO Logging started
2020-09-11 14:02:28,120 INFO Preventing Windows from going to sleep
2020-09-11 14:02:31,365 INFO Connecting to https://tse.europe.travian.com
2020-09-11 14:02:33,332 INFO self.logging into account
2020-09-11 14:02:35,339 INFO Reading oasis troops info (1/80)
2020-09-11 14:02:35,899 INFO Reading oasis troops info (2/80)
2020-09-11 14:02:36,600 INFO Reading oasis troops info (3/80)
2020-09-11 14:02:37,201 INFO Reading oasis troops info (4/80)
2020-09-11 14:02:37,687 INFO Reading oasis troops info (5/80)
2020-09-11 14:02:38,145 INFO Reading oasis troops info (6/80)
2020-09-11 14:02:38,577 INFO Reading oasis troops info (7/80)
2020-09-11 14:02:39,056 INFO Reading oasis troops info (8/80)
2020-09-11 14:02:39,493 INFO Reading oasis troops info (9/80)
2020-09-11 14:02:39,945 INFO Reading oasis troops info (10/80)
2020-09-11 14:02:40,583 INFO Reading oasis troops info (11/80)
2020-09-11 14:02:40,974 INFO Reading oasis troops info (12/80)
2020-09-11 14:02:41,447 INFO Reading oasis troops info (13/80)
2020-09-11 14:02:41,874 INFO Reading oasis troops info (14/80)
2020-09-11 14:02:42,302 INFO Reading oasis troops info (15/80)
2020-09-11 14:02:42,737 INFO Reading oasis troops info (16/80)
2020-09-11 14:02:43,145 INFO Reading oasis troops info (17/80)
2020-09-11 14:02:43,529 INFO Reading oasis troops info (18/80)
2020-09-11 14:02:43,989 INFO Reading oasis troops info (19/80)
2020-09-11 14:02:44,411 INFO Reading oasis troops info (20/80)
2020-09-11 14:02:44,823 INFO Reading oasis troops info (21/80)
2020-09-11 14:02:45,240 INFO Reading oasis troops info (22/80)
2020-09-11 14:02:45,640 INFO Reading oasis troops info (23/80)
2020-09-11 14:02:46,040 INFO Reading oasis troops info (24/80)
2020-09-11 14:02:46,515 INFO Reading oasis troops info (25/80)
2020-09-11 14:02:46,943 INFO Reading oasis troops info (26/80)
2020-09-11 14:02:47,380 INFO Reading oasis troops info (27/80)
2020-09-11 14:02:47,785 INFO Reading oasis troops info (28/80)
2020-09-11 14:02:48,213 INFO Reading oasis troops info (29/80)
2020-09-11 14:02:48,635 INFO Reading oasis troops info (30/80)
2020-09-11 14:02:49,080 INFO Reading oasis troops info (31/80)
2020-09-11 14:02:49,498 INFO Reading oasis troops info (32/80)
2020-09-11 14:02:49,957 INFO Reading oasis troops info (33/80)
2020-09-11 14:02:50,350 INFO Reading oasis troops info (34/80)
2020-09-11 14:02:50,776 INFO Reading oasis troops info (35/80)
2020-09-11 14:02:51,180 INFO Reading oasis troops info (36/80)
2020-09-11 14:02:51,624 INFO Reading oasis troops info (37/80)
2020-09-11 14:02:52,050 INFO Reading oasis troops info (38/80)
2020-09-11 14:02:52,469 INFO Reading oasis troops info (39/80)
2020-09-11 14:02:52,891 INFO Reading oasis troops info (40/80)
2020-09-11 14:02:53,297 INFO Reading oasis troops info (41/80)
2020-09-11 14:02:53,679 INFO Reading oasis troops info (42/80)
2020-09-11 14:02:54,093 INFO Reading oasis troops info (43/80)
2020-09-11 14:02:54,494 INFO Reading oasis troops info (44/80)
2020-09-11 14:02:54,908 INFO Reading oasis troops info (45/80)
2020-09-11 14:02:55,325 INFO Reading oasis troops info (46/80)
2020-09-11 14:02:55,734 INFO Reading oasis troops info (47/80)
2020-09-11 14:02:56,153 INFO Reading oasis troops info (48/80)
2020-09-11 14:02:56,613 INFO Reading oasis troops info (49/80)
2020-09-11 14:02:57,080 INFO Reading oasis troops info (50/80)
2020-09-11 14:02:57,508 INFO Reading oasis troops info (51/80)
2020-09-11 14:02:57,922 INFO Reading oasis troops info (52/80)
2020-09-11 14:02:58,329 INFO Reading oasis troops info (53/80)
2020-09-11 14:02:58,739 INFO Reading oasis troops info (54/80)
2020-09-11 14:02:59,185 INFO Reading oasis troops info (55/80)
2020-09-11 14:02:59,574 INFO Reading oasis troops info (56/80)
2020-09-11 14:03:00,155 INFO Reading oasis troops info (57/80)
2020-09-11 14:03:00,594 INFO Reading oasis troops info (58/80)
2020-09-11 14:03:01,060 INFO Reading oasis troops info (59/80)
2020-09-11 14:03:01,488 INFO Reading oasis troops info (60/80)
2020-09-11 14:03:01,927 INFO Reading oasis troops info (61/80)
2020-09-11 14:03:02,355 INFO Reading oasis troops info (62/80)
2020-09-11 14:03:02,773 INFO Reading oasis troops info (63/80)
2020-09-11 14:03:03,214 INFO Reading oasis troops info (64/80)
2020-09-11 14:03:03,664 INFO Reading oasis troops info (65/80)
2020-09-11 14:03:04,033 INFO Reading oasis troops info (66/80)
2020-09-11 14:03:04,469 INFO Reading oasis troops info (67/80)
2020-09-11 14:03:04,904 INFO Reading oasis troops info (68/80)
2020-09-11 14:03:05,306 INFO Reading oasis troops info (69/80)
2020-09-11 14:03:05,739 INFO Reading oasis troops info (70/80)
2020-09-11 14:03:06,167 INFO Reading oasis troops info (71/80)
2020-09-11 14:03:06,589 INFO Reading oasis troops info (72/80)
2020-09-11 14:03:06,978 INFO Reading oasis troops info (73/80)
2020-09-11 14:03:07,386 INFO Reading oasis troops info (74/80)
2020-09-11 14:03:07,815 INFO Reading oasis troops info (75/80)
2020-09-11 14:03:08,219 INFO Reading oasis troops info (76/80)
2020-09-11 14:03:08,651 INFO Reading oasis troops info (77/80)
2020-09-11 14:03:09,075 INFO Reading oasis troops info (78/80)
2020-09-11 14:03:09,501 INFO Reading oasis troops info (79/80)
2020-09-11 14:03:09,934 INFO Reading oasis troops info (80/80)
2020-09-11 14:03:10,326 INFO Left to sleep: 60s
2020-09-11 14:03:20,327 INFO Left to sleep: 50s
2020-09-11 14:03:30,328 INFO Left to sleep: 40s
2020-09-11 14:03:40,328 INFO Left to sleep: 30s
2020-09-11 14:03:50,329 INFO Left to sleep: 20s
2020-09-11 14:04:00,331 INFO Left to sleep: 10s
2020-09-11 14:04:10,779 INFO Left to sleep: 60s
2020-09-11 14:04:20,780 INFO Left to sleep: 50s
2020-09-11 14:04:30,781 INFO Left to sleep: 40s
2020-09-11 14:04:40,781 INFO Left to sleep: 30s
2020-09-11 14:04:50,782 INFO Left to sleep: 20s
2020-09-11 14:05:00,783 INFO Left to sleep: 10s
2020-09-11 14:05:11,242 INFO Left to sleep: 60s
2020-09-11 14:05:21,243 INFO Left to sleep: 50s
2020-09-11 14:05:31,243 INFO Left to sleep: 40s
2020-09-11 14:05:41,243 INFO Left to sleep: 30s
2020-09-11 14:05:51,245 INFO Left to sleep: 20s
2020-09-11 14:06:01,245 INFO Left to sleep: 10s
2020-09-11 14:06:11,714 INFO Left to sleep: 60s
2020-09-11 14:06:21,715 INFO Left to sleep: 50s
2020-09-11 14:06:31,716 INFO Left to sleep: 40s
2020-09-11 14:06:41,717 INFO Left to sleep: 30s
2020-09-11 14:06:51,717 INFO Left to sleep: 20s
2020-09-11 14:07:01,718 INFO Left to sleep: 10s
2020-09-11 14:07:12,145 INFO Left to sleep: 60s
2020-09-11 14:07:22,147 INFO Left to sleep: 50s
2020-09-11 14:07:32,148 INFO Left to sleep: 40s
2020-09-11 14:07:42,149 INFO Left to sleep: 30s
2020-09-11 14:07:52,149 INFO Left to sleep: 20s
2020-09-11 14:08:02,150 INFO Left to sleep: 10s
2020-09-11 14:08:12,622 INFO Left to sleep: 60s
2020-09-11 23:34:26,561 INFO Logging started
2020-09-11 23:34:26,564 INFO Preventing Windows from going to sleep
2020-09-11 23:34:29,715 INFO Connecting to https://tse.europe.travian.com
2020-09-11 23:34:31,593 INFO self.logging into account
2020-09-11 23:34:33,005 INFO Reading oasis troops info (1/80)
2020-09-11 23:34:33,642 INFO Reading oasis troops info (2/80)
2020-09-11 23:34:34,057 INFO Reading oasis troops info (3/80)
2020-09-11 23:34:34,486 INFO Reading oasis troops info (4/80)
2020-09-11 23:34:34,902 INFO Reading oasis troops info (5/80)
2020-09-11 23:34:35,316 INFO Reading oasis troops info (6/80)
2020-09-11 23:34:35,777 INFO Reading oasis troops info (7/80)
2020-09-11 23:34:36,248 INFO Reading oasis troops info (8/80)
2020-09-11 23:34:36,694 INFO Reading oasis troops info (9/80)
2020-09-11 23:34:37,136 INFO Reading oasis troops info (10/80)
2020-09-11 23:34:37,555 INFO Reading oasis troops info (11/80)
2020-09-11 23:34:38,003 INFO Reading oasis troops info (12/80)
2020-09-11 23:34:39,613 INFO Reading oasis troops info (13/80)
2020-09-11 23:34:40,046 INFO Reading oasis troops info (14/80)
2020-09-11 23:34:40,470 INFO Reading oasis troops info (15/80)
2020-09-11 23:34:40,886 INFO Reading oasis troops info (16/80)
2020-09-11 23:34:41,305 INFO Reading oasis troops info (17/80)
2020-09-11 23:34:41,737 INFO Reading oasis troops info (18/80)
2020-09-11 23:34:42,224 INFO Reading oasis troops info (19/80)
2020-09-11 23:34:42,692 INFO Reading oasis troops info (20/80)
2020-09-11 23:34:43,097 INFO Reading oasis troops info (21/80)
2020-09-11 23:34:43,518 INFO Reading oasis troops info (22/80)
2020-09-11 23:34:43,923 INFO Reading oasis troops info (23/80)
2020-09-11 23:34:44,348 INFO Reading oasis troops info (24/80)
2020-09-11 23:34:44,774 INFO Reading oasis troops info (25/80)
2020-09-11 23:34:45,195 INFO Reading oasis troops info (26/80)
2020-09-11 23:34:45,630 INFO Reading oasis troops info (27/80)
2020-09-11 23:34:46,066 INFO Reading oasis troops info (28/80)
2020-09-11 23:34:46,478 INFO Reading oasis troops info (29/80)
2020-09-11 23:34:46,886 INFO Reading oasis troops info (30/80)
2020-09-11 23:34:47,326 INFO Reading oasis troops info (31/80)
2020-09-11 23:34:47,754 INFO Reading oasis troops info (32/80)
2020-09-11 23:34:48,146 INFO Reading oasis troops info (33/80)
2020-09-11 23:34:48,517 INFO Reading oasis troops info (34/80)
2020-09-11 23:34:48,937 INFO Reading oasis troops info (35/80)
2020-09-11 23:34:49,363 INFO Reading oasis troops info (36/80)
2020-09-11 23:34:49,749 INFO Reading oasis troops info (37/80)
2020-09-11 23:34:50,196 INFO Reading oasis troops info (38/80)
2020-09-11 23:34:50,618 INFO Reading oasis troops info (39/80)
2020-09-11 23:34:50,983 INFO Reading oasis troops info (40/80)
2020-09-11 23:34:51,412 INFO Reading oasis troops info (41/80)
2020-09-11 23:34:51,815 INFO Reading oasis troops info (42/80)
2020-09-11 23:34:52,251 INFO Reading oasis troops info (43/80)
2020-09-11 23:34:52,657 INFO Reading oasis troops info (44/80)
2020-09-11 23:34:53,052 INFO Reading oasis troops info (45/80)
2020-09-11 23:34:53,488 INFO Reading oasis troops info (46/80)
2020-09-11 23:34:53,887 INFO Reading oasis troops info (47/80)
2020-09-11 23:34:54,323 INFO Reading oasis troops info (48/80)
2020-09-11 23:34:54,766 INFO Reading oasis troops info (49/80)
2020-09-11 23:34:55,195 INFO Reading oasis troops info (50/80)
2020-09-11 23:34:55,625 INFO Reading oasis troops info (51/80)
2020-09-11 23:34:56,023 INFO Reading oasis troops info (52/80)
2020-09-11 23:34:56,452 INFO Reading oasis troops info (53/80)
2020-09-11 23:34:56,856 INFO Reading oasis troops info (54/80)
2020-09-11 23:34:57,276 INFO Reading oasis troops info (55/80)
2020-09-11 23:34:57,650 INFO Reading oasis troops info (56/80)
2020-09-11 23:34:57,980 INFO Reading oasis troops info (57/80)
2020-09-11 23:34:58,408 INFO Reading oasis troops info (58/80)
2020-09-11 23:34:58,810 INFO Reading oasis troops info (59/80)
2020-09-11 23:34:59,226 INFO Reading oasis troops info (60/80)
2020-09-11 23:34:59,623 INFO Reading oasis troops info (61/80)
2020-09-11 23:35:00,042 INFO Reading oasis troops info (62/80)
2020-09-11 23:35:00,592 INFO Reading oasis troops info (63/80)
2020-09-11 23:35:00,975 INFO Reading oasis troops info (64/80)
2020-09-11 23:35:01,409 INFO Reading oasis troops info (65/80)
2020-09-11 23:35:01,821 INFO Reading oasis troops info (66/80)
2020-09-11 23:35:02,253 INFO Reading oasis troops info (67/80)
2020-09-11 23:35:02,667 INFO Reading oasis troops info (68/80)
2020-09-11 23:35:03,076 INFO Reading oasis troops info (69/80)
2020-09-11 23:35:03,486 INFO Reading oasis troops info (70/80)
2020-09-11 23:35:03,912 INFO Reading oasis troops info (71/80)
2020-09-11 23:35:04,323 INFO Reading oasis troops info (72/80)
2020-09-11 23:35:04,707 INFO Reading oasis troops info (73/80)
2020-09-11 23:35:05,138 INFO Reading oasis troops info (74/80)
2020-09-11 23:35:05,597 INFO Reading oasis troops info (75/80)
2020-09-11 23:35:06,009 INFO Reading oasis troops info (76/80)
2020-09-11 23:35:06,403 INFO Reading oasis troops info (77/80)
2020-09-11 23:35:06,798 INFO Reading oasis troops info (78/80)
2020-09-11 23:35:07,215 INFO Reading oasis troops info (79/80)
2020-09-11 23:35:07,628 INFO Reading oasis troops info (80/80)
2020-09-11 23:35:08,046 INFO Left to sleep: 60s
