2020-09-12 10:40:59,038 INFO Logging started
2020-09-12 10:40:59,041 INFO Preventing Windows from going to sleep
2020-09-12 10:41:02,193 INFO Connecting to https://tse.europe.travian.com
2020-09-12 10:41:05,857 INFO self.logging into account
2020-09-12 10:41:07,448 INFO Reading oasis troops info (1/80)
2020-09-12 10:41:07,910 INFO Reading oasis troops info (2/80)
2020-09-12 10:41:08,361 INFO Reading oasis troops info (3/80)
2020-09-12 10:41:08,788 INFO Reading oasis troops info (4/80)
2020-09-12 10:41:09,234 INFO Reading oasis troops info (5/80)
2020-09-12 10:41:09,681 INFO Reading oasis troops info (6/80)
2020-09-12 10:41:10,114 INFO Reading oasis troops info (7/80)
2020-09-12 10:41:10,581 INFO Reading oasis troops info (8/80)
2020-09-12 10:41:10,954 INFO Reading oasis troops info (9/80)
2020-09-12 10:41:11,417 INFO Reading oasis troops info (10/80)
2020-09-12 10:41:11,877 INFO Reading oasis troops info (11/80)
2020-09-12 10:41:12,285 INFO Reading oasis troops info (12/80)
2020-09-12 10:41:12,723 INFO Reading oasis troops info (13/80)
2020-09-12 10:41:13,134 INFO Reading oasis troops info (14/80)
2020-09-12 10:41:13,549 INFO Reading oasis troops info (15/80)
2020-09-12 10:41:13,976 INFO Reading oasis troops info (16/80)
2020-09-12 10:41:14,409 INFO Reading oasis troops info (17/80)
2020-09-12 10:41:14,839 INFO Reading oasis troops info (18/80)
2020-09-12 10:41:15,274 INFO Reading oasis troops info (19/80)
2020-09-12 10:41:15,780 INFO Reading oasis troops info (20/80)
2020-09-12 10:41:16,171 INFO Reading oasis troops info (21/80)
2020-09-12 10:41:16,581 INFO Reading oasis troops info (22/80)
2020-09-12 10:41:17,010 INFO Reading oasis troops info (23/80)
2020-09-12 10:41:17,442 INFO Reading oasis troops info (24/80)
2020-09-12 10:41:17,906 INFO Reading oasis troops info (25/80)
2020-09-12 10:41:18,333 INFO Reading oasis troops info (26/80)
2020-09-12 10:41:18,779 INFO Reading oasis troops info (27/80)
2020-09-12 10:41:19,171 INFO Reading oasis troops info (28/80)
2020-09-12 10:41:19,582 INFO Reading oasis troops info (29/80)
2020-09-12 10:41:20,012 INFO Reading oasis troops info (30/80)
2020-09-12 10:41:20,410 INFO Reading oasis troops info (31/80)
2020-09-12 10:41:20,858 INFO Reading oasis troops info (32/80)
2020-09-12 10:41:21,300 INFO Reading oasis troops info (33/80)
2020-09-12 10:41:21,665 INFO Reading oasis troops info (34/80)
2020-09-12 10:41:22,093 INFO Reading oasis troops info (35/80)
2020-09-12 10:41:22,509 INFO Reading oasis troops info (36/80)
2020-09-12 10:41:22,956 INFO Reading oasis troops info (37/80)
2020-09-12 10:41:23,375 INFO Reading oasis troops info (38/80)
2020-09-12 10:41:23,808 INFO Reading oasis troops info (39/80)
2020-09-12 10:41:24,158 INFO Reading oasis troops info (40/80)
2020-09-12 10:41:24,600 INFO Reading oasis troops info (41/80)
2020-09-12 10:41:25,014 INFO Reading oasis troops info (42/80)
2020-09-12 10:41:25,412 INFO Reading oasis troops info (43/80)
2020-09-12 10:41:25,854 INFO Reading oasis troops info (44/80)
2020-09-12 10:41:26,262 INFO Reading oasis troops info (45/80)
2020-09-12 10:41:26,663 INFO Reading oasis troops info (46/80)
2020-09-12 10:41:27,058 INFO Reading oasis troops info (47/80)
2020-09-12 10:41:27,444 INFO Reading oasis troops info (48/80)
2020-09-12 10:41:27,866 INFO Reading oasis troops info (49/80)
2020-09-12 10:41:28,251 INFO Reading oasis troops info (50/80)
2020-09-12 10:41:28,684 INFO Reading oasis troops info (51/80)
2020-09-12 10:41:29,097 INFO Reading oasis troops info (52/80)
2020-09-12 10:41:29,539 INFO Reading oasis troops info (53/80)
2020-09-12 10:41:29,949 INFO Reading oasis troops info (54/80)
2020-09-12 10:41:30,363 INFO Reading oasis troops info (55/80)
2020-09-12 10:41:30,753 INFO Reading oasis troops info (56/80)
2020-09-12 10:41:31,124 INFO Reading oasis troops info (57/80)
2020-09-12 10:41:31,522 INFO Reading oasis troops info (58/80)
2020-09-12 10:41:31,974 INFO Reading oasis troops info (59/80)
2020-09-12 10:41:32,384 INFO Reading oasis troops info (60/80)
2020-09-12 10:41:32,800 INFO Reading oasis troops info (61/80)
2020-09-12 10:41:33,241 INFO Reading oasis troops info (62/80)
2020-09-12 10:41:33,633 INFO Reading oasis troops info (63/80)
2020-09-12 10:41:34,065 INFO Reading oasis troops info (64/80)
2020-09-12 10:41:34,477 INFO Reading oasis troops info (65/80)
2020-09-12 10:41:34,892 INFO Reading oasis troops info (66/80)
2020-09-12 10:41:35,287 INFO Reading oasis troops info (67/80)
2020-09-12 10:41:35,701 INFO Reading oasis troops info (68/80)
2020-09-12 10:41:36,105 INFO Reading oasis troops info (69/80)
2020-09-12 10:41:36,523 INFO Reading oasis troops info (70/80)
2020-09-12 10:41:36,934 INFO Reading oasis troops info (71/80)
2020-09-12 10:41:37,342 INFO Reading oasis troops info (72/80)
2020-09-12 10:41:37,724 INFO Reading oasis troops info (73/80)
2020-09-12 10:41:38,153 INFO Reading oasis troops info (74/80)
2020-09-12 10:41:38,574 INFO Reading oasis troops info (75/80)
2020-09-12 10:41:38,995 INFO Reading oasis troops info (76/80)
2020-09-12 10:41:39,398 INFO Reading oasis troops info (77/80)
2020-09-12 10:41:39,819 INFO Reading oasis troops info (78/80)
2020-09-12 10:41:40,195 INFO Reading oasis troops info (79/80)
2020-09-12 10:41:40,618 INFO Reading oasis troops info (80/80)
2020-09-12 10:41:41,026 INFO Left to sleep: 60s
2020-09-12 23:12:44,736 INFO Logging started
2020-09-12 23:12:44,750 INFO Preventing Windows from going to sleep
2020-09-12 23:12:48,596 INFO Connecting to https://tse.europe.travian.com
2020-09-12 23:12:49,777 INFO self.logging into account
2020-09-12 23:12:51,573 INFO Reading oasis troops info (1/80)
2020-09-12 23:12:52,083 INFO Reading oasis troops info (2/80)
2020-09-12 23:12:52,498 INFO Reading oasis troops info (3/80)
2020-09-12 23:12:52,905 INFO Reading oasis troops info (4/80)
2020-09-12 23:12:53,292 INFO Reading oasis troops info (5/80)
2020-09-12 23:12:53,728 INFO Reading oasis troops info (6/80)
2020-09-12 23:12:54,188 INFO Reading oasis troops info (7/80)
2020-09-12 23:12:54,631 INFO Reading oasis troops info (8/80)
2020-09-12 23:12:55,089 INFO Reading oasis troops info (9/80)
2020-09-12 23:12:55,488 INFO Reading oasis troops info (10/80)
2020-09-12 23:12:55,976 INFO Reading oasis troops info (11/80)
2020-09-12 23:12:56,384 INFO Reading oasis troops info (12/80)
2020-09-12 23:12:56,798 INFO Reading oasis troops info (13/80)
2020-09-12 23:12:57,207 INFO Reading oasis troops info (14/80)
2020-09-12 23:12:57,601 INFO Reading oasis troops info (15/80)
2020-09-12 23:12:58,085 INFO Reading oasis troops info (16/80)
2020-09-12 23:12:58,549 INFO Reading oasis troops info (17/80)
2020-09-12 23:12:59,019 INFO Reading oasis troops info (18/80)
2020-09-12 23:12:59,470 INFO Reading oasis troops info (19/80)
2020-09-12 23:12:59,910 INFO Reading oasis troops info (20/80)
2020-09-12 23:13:00,308 INFO Reading oasis troops info (21/80)
2020-09-12 23:13:00,860 INFO Reading oasis troops info (22/80)
2020-09-12 23:13:01,346 INFO Reading oasis troops info (23/80)
2020-09-12 23:13:01,766 INFO Reading oasis troops info (24/80)
2020-09-12 23:13:02,228 INFO Reading oasis troops info (25/80)
2020-09-12 23:13:02,645 INFO Reading oasis troops info (26/80)
2020-09-12 23:13:03,076 INFO Reading oasis troops info (27/80)
2020-09-12 23:13:03,514 INFO Reading oasis troops info (28/80)
2020-09-12 23:13:03,930 INFO Reading oasis troops info (29/80)
2020-09-12 23:13:04,415 INFO Reading oasis troops info (30/80)
2020-09-12 23:13:04,846 INFO Reading oasis troops info (31/80)
2020-09-12 23:13:05,252 INFO Reading oasis troops info (32/80)
2020-09-12 23:13:05,668 INFO Reading oasis troops info (33/80)
2020-09-12 23:13:06,024 INFO Reading oasis troops info (34/80)
2020-09-12 23:13:06,464 INFO Reading oasis troops info (35/80)
2020-09-12 23:13:06,812 INFO Reading oasis troops info (36/80)
2020-09-12 23:13:07,285 INFO Reading oasis troops info (37/80)
2020-09-12 23:13:07,694 INFO Reading oasis troops info (38/80)
2020-09-12 23:13:08,165 INFO Reading oasis troops info (39/80)
2020-09-12 23:13:08,545 INFO Reading oasis troops info (40/80)
2020-09-12 23:13:08,978 INFO Reading oasis troops info (41/80)
2020-09-12 23:13:09,407 INFO Reading oasis troops info (42/80)
2020-09-12 23:13:09,824 INFO Reading oasis troops info (43/80)
2020-09-12 23:13:10,251 INFO Reading oasis troops info (44/80)
2020-09-12 23:13:10,648 INFO Reading oasis troops info (45/80)
2020-09-12 23:13:11,063 INFO Reading oasis troops info (46/80)
2020-09-12 23:13:11,496 INFO Reading oasis troops info (47/80)
2020-09-12 23:13:11,946 INFO Reading oasis troops info (48/80)
2020-09-12 23:13:12,368 INFO Reading oasis troops info (49/80)
2020-09-12 23:13:12,825 INFO Reading oasis troops info (50/80)
2020-09-12 23:13:13,267 INFO Reading oasis troops info (51/80)
2020-09-12 23:13:13,697 INFO Reading oasis troops info (52/80)
2020-09-12 23:13:14,099 INFO Reading oasis troops info (53/80)
2020-09-12 23:13:14,528 INFO Reading oasis troops info (54/80)
2020-09-12 23:13:14,968 INFO Reading oasis troops info (55/80)
2020-09-12 23:13:15,373 INFO Reading oasis troops info (56/80)
2020-09-12 23:13:15,742 INFO Reading oasis troops info (57/80)
2020-09-12 23:13:16,183 INFO Reading oasis troops info (58/80)
2020-09-12 23:13:16,616 INFO Reading oasis troops info (59/80)
2020-09-12 23:13:17,036 INFO Reading oasis troops info (60/80)
2020-09-12 23:13:17,500 INFO Reading oasis troops info (61/80)
2020-09-12 23:13:17,915 INFO Reading oasis troops info (62/80)
2020-09-12 23:13:18,345 INFO Reading oasis troops info (63/80)
2020-09-12 23:13:18,764 INFO Reading oasis troops info (64/80)
2020-09-12 23:13:19,194 INFO Reading oasis troops info (65/80)
2020-09-12 23:13:19,562 INFO Reading oasis troops info (66/80)
2020-09-12 23:13:20,015 INFO Reading oasis troops info (67/80)
2020-09-12 23:13:20,428 INFO Reading oasis troops info (68/80)
2020-09-12 23:13:20,811 INFO Reading oasis troops info (69/80)
2020-09-12 23:13:21,216 INFO Reading oasis troops info (70/80)
2020-09-12 23:13:21,641 INFO Reading oasis troops info (71/80)
2020-09-12 23:13:22,064 INFO Reading oasis troops info (72/80)
2020-09-12 23:13:22,391 INFO Reading oasis troops info (73/80)
2020-09-12 23:13:22,834 INFO Reading oasis troops info (74/80)
2020-09-12 23:13:23,252 INFO Reading oasis troops info (75/80)
2020-09-12 23:13:23,668 INFO Reading oasis troops info (76/80)
2020-09-12 23:13:24,074 INFO Reading oasis troops info (77/80)
2020-09-12 23:13:24,513 INFO Reading oasis troops info (78/80)
2020-09-12 23:13:24,921 INFO Reading oasis troops info (79/80)
2020-09-12 23:13:25,333 INFO Reading oasis troops info (80/80)
2020-09-12 23:13:25,758 INFO Left to sleep: 60s
2020-09-12 23:13:35,760 INFO Left to sleep: 50s
2020-09-12 23:13:45,761 INFO Left to sleep: 40s
2020-09-12 23:13:55,761 INFO Left to sleep: 30s
2020-09-12 23:14:05,762 INFO Left to sleep: 20s
2020-09-12 23:14:15,763 INFO Left to sleep: 10s
2020-09-12 23:14:26,214 INFO Left to sleep: 60s
